<?xml version="1.0" encoding="UTF-8"?>
<testsuite xmlns:xsi="http://www.w3.org/2001/XMLSchema-instance" xsi:noNamespaceSchemaLocation="https://maven.apache.org/surefire/maven-surefire-plugin/xsd/surefire-test-report-3.0.xsd" version="3.0" name="com.referral.outreach.controller.AuthControllerIntegrationTest" time="16.58" tests="4" errors="0" skipped="0" failures="0">
  <properties>
[...]
</properties>
  <testcase name="testSignUp_Success" classname="com.referral.outreach.controller.AuthControllerIntegrationTest" time="1.11">
    <system-out><![CDATA[14:40:56.325 [main] INFO org.springframework.test.context.support.AnnotationConfigContextLoaderUtils -- Could not detect default configuration classes for test class [com.referral.outreach.controller.AuthControllerIntegrationTest]: AuthControllerIntegrationTest does not declare any static, non-private, non-final, nested classes annotated with @Configuration.
14:40:56.674 [main] INFO org.springframework.boot.test.context.SpringBootTestContextBootstrapper -- Found @SpringBootConfiguration com.referral.outreach.OutreachApplication for test class com.referral.outreach.controller.AuthControllerIntegrationTest

  .   ____          _            __ _ _
 /\\ / ___'_ __ _ _(_)_ __  __ _ \ \ \ \
( ( )\___ | '_ | '_| | '_ \/ _` | \ \ \ \
 \\/  ___)| |_)| | | | | || (_| |  ) ) ) )
  '  |____| .__|_| |_|_| |_\__, | / / / /
 =========|_|==============|___/=/_/_/_/

 :: Spring Boot ::                (v3.3.1)

2026-08-18T14:40:57.908+05:30  INFO 8880 --- [referral-outreach-manager] [           main] c.r.o.c.AuthControllerIntegrationTest    : Starting AuthControllerIntegrationTest using Java 17.0.12 with PID 8880 (started by ashri in C:\Users\ashri\SpringNew\Automatic mail sender to recruters\Backend)
2026-08-18T14:40:57.911+05:30  INFO 8880 --- [referral-outreach-manager] [           main] c.r.o.c.AuthControllerIntegrationTest    : The following 1 profile is active: "test"
2026-08-18T14:40:59.569+05:30  INFO 8880 --- [referral-outreach-manager] [           main] .s.d.r.c.RepositoryConfigurationDelegate : Bootstrapping Spring Data JPA repositories in DEFAULT mode.
2026-08-18T14:40:59.744+05:30  INFO 8880 --- [referral-outreach-manager] [           main] .s.d.r.c.RepositoryConfigurationDelegate : Finished Spring Data repository scanning in 155 ms. Found 8 JPA repository interfaces.
2026-08-18T14:41:02.966+05:30  INFO 8880 --- [referral-outreach-manager] [           main] o.hibernate.jpa.internal.util.LogHelper  : HHH000204: Processing PersistenceUnitInfo [name: default]
2026-08-18T14:41:03.138+05:30  INFO 8880 --- [referral-outreach-manager] [           main] org.hibernate.Version                    : HHH000412: Hibernate ORM core version 6.5.2.Final
2026-08-18T14:41:03.250+05:30  INFO 8880 --- [referral-outreach-manager] [           main] o.h.c.internal.RegionFactoryInitiator    : HHH000026: Second-level cache disabled
2026-08-18T14:41:03.602+05:30  INFO 8880 --- [referral-outreach-manager] [           main] o.s.o.j.p.SpringPersistenceUnitInfo      : No LoadTimeWeaver setup: ignoring JPA class transformer
2026-08-18T14:41:03.676+05:30  INFO 8880 --- [referral-outreach-manager] [           main] com.zaxxer.hikari.HikariDataSource       : HikariPool-1 - Starting...
2026-08-18T14:41:04.122+05:30  INFO 8880 --- [referral-outreach-manager] [           main] com.zaxxer.hikari.pool.HikariPool        : HikariPool-1 - Added connection conn0: url=jdbc:h2:mem:testdb user=SA
2026-08-18T14:41:04.125+05:30  INFO 8880 --- [referral-outreach-manager] [           main] com.zaxxer.hikari.HikariDataSource       : HikariPool-1 - Start completed.
2026-08-18T14:41:04.203+05:30  WARN 8880 --- [referral-outreach-manager] [           main] org.hibernate.orm.deprecation            : HHH90000025: H2Dialect does not need to be specified explicitly using 'hibernate.dialect' (remove the property setting and it will be selected by default)
2026-08-18T14:41:06.245+05:30  INFO 8880 --- [referral-outreach-manager] [           main] o.h.e.t.j.p.i.JtaPlatformInitiator       : HHH000489: No JTA platform available (set 'hibernate.transaction.jta.platform' to enable JTA platform integration)
Hibernate: 
    drop table if exists campaign cascade 
Hibernate: 
    drop table if exists candidate_profile cascade 
Hibernate: 
    drop table if exists email_history cascade 
Hibernate: 
    drop table if exists email_template cascade 
Hibernate: 
    drop table if exists password_reset_tokens cascade 
Hibernate: 
    drop table if exists recruiter cascade 
Hibernate: 
    drop table if exists resume cascade 
Hibernate: 
    drop table if exists users cascade 
Hibernate: 
    create table campaign (
        is_enabled boolean not null,
        target_set integer,
        created_timestamp timestamp(6) not null,
        id bigint generated by default as identity,
        resume_id bigint not null,
        template_id bigint not null,
        user_id bigint,
        name varchar(255) not null,
        target_title_group varchar(255),
        primary key (id)
    )
Hibernate: 
    create table candidate_profile (
        id bigint generated by default as identity,
        user_id bigint unique,
        custom_fields_json TEXT,
        email varchar(255),
        full_name varchar(255),
        github_url varchar(255),
        linkedin_url varchar(255),
        location varchar(255),
        phone_number varchar(255),
        role_name varchar(255),
        primary key (id)
    )
Hibernate: 
    create table email_history (
        campaign_id bigint,
        id bigint generated by default as identity,
        recruiter_id bigint not null,
        sent_timestamp timestamp(6) not null,
        user_id bigint,
        error_message TEXT,
        recipient_email varchar(255) not null,
        subject_used varchar(255) not null,
        status enum ('FAILED','SUCCESS') not null,
        primary key (id)
    )
Hibernate: 
    create table email_template (
        created_timestamp timestamp(6) not null,
        id bigint generated by default as identity,
        updated_timestamp timestamp(6) not null,
        user_id bigint,
        body TEXT not null,
        subject varchar(255) not null,
        template_name varchar(255) not null,
        primary key (id),
        unique (template_name, user_id)
    )
Hibernate: 
    create table password_reset_tokens (
        expiry_date timestamp(6) not null,
        id bigint generated by default as identity,
        user_id bigint not null unique,
        token varchar(255) not null unique,
        primary key (id)
    )
Hibernate: 
    create table recruiter (
        contact_set integer,
        id bigint generated by default as identity,
        last_contacted_date timestamp(6),
        company varchar(255) not null,
        email varchar(255) not null unique,
        name varchar(255) not null,
        title varchar(255),
        status enum ('ACTIVE','INACTIVE') not null,
        primary key (id)
    )
Hibernate: 
    create table resume (
        is_active boolean not null,
        file_size bigint not null,
        id bigint generated by default as identity,
        uploaded_timestamp timestamp(6) not null,
        user_id bigint,
        content_type varchar(255) not null,
        file_path varchar(255) not null,
        filename varchar(255) not null,
        original_filename varchar(255) not null,
        primary key (id)
    )
Hibernate: 
    create table users (
        id bigint generated by default as identity,
        email varchar(255) not null unique,
        password varchar(255) not null,
        username varchar(255) not null unique,
        primary key (id)
    )
Hibernate: 
    alter table if exists campaign 
       add constraint FKi2kblot3gj9ts1wp0al4pn1ca 
       foreign key (template_id) 
       references email_template
Hibernate: 
    alter table if exists campaign 
       add constraint FK1mncldnoh9spvxypd1fjfqi42 
       foreign key (resume_id) 
       references resume
Hibernate: 
    alter table if exists campaign 
       add constraint FKf4g8y9pqtlnenst5rhewbd7jm 
       foreign key (user_id) 
       references users
Hibernate: 
    alter table if exists candidate_profile 
       add constraint FKdnxpt1u3e0cf9s72bklyrnlkd 
       foreign key (user_id) 
       references users
Hibernate: 
    alter table if exists email_history 
       add constraint FKslt4ovgdgwvsdwnmjjode9qou 
       foreign key (campaign_id) 
       references campaign
Hibernate: 
    alter table if exists email_history 
       add constraint FK8mcus6r4ymcihw4yry43wx5qo 
       foreign key (recruiter_id) 
       references recruiter
Hibernate: 
    alter table if exists email_history 
       add constraint FKokrrh26v7faaux2a2mk7qbsec 
       foreign key (user_id) 
       references users
Hibernate: 
    alter table if exists email_template 
       add constraint FKoul1sgbkanim0ye7tg4xlaauv 
       foreign key (user_id) 
       references users
Hibernate: 
    alter table if exists password_reset_tokens 
       add constraint FKk3ndxg5xp6v7wd4gjyusp15gq 
       foreign key (user_id) 
       references users
Hibernate: 
    alter table if exists resume 
       add constraint FKpv0whudowxosfu792veo6s2c0 
       foreign key (user_id) 
       references users
2026-08-18T14:41:06.380+05:30  INFO 8880 --- [referral-outreach-manager] [           main] j.LocalContainerEntityManagerFactoryBean : Initialized JPA EntityManagerFactory for persistence unit 'default'
2026-08-18T14:41:07.160+05:30  INFO 8880 --- [referral-outreach-manager] [           main] r$InitializeUserDetailsManagerConfigurer : Global AuthenticationManager configured with UserDetailsService bean with name customUserDetailsService
2026-08-18T14:41:07.367+05:30  INFO 8880 --- [referral-outreach-manager] [           main] o.s.d.j.r.query.QueryEnhancerFactory     : Hibernate is in classpath; If applicable, HQL parser will be used.
2026-08-18T14:41:08.863+05:30  WARN 8880 --- [referral-outreach-manager] [           main] JpaBaseConfiguration$JpaWebConfiguration : spring.jpa.open-in-view is enabled by default. Therefore, database queries may be performed during view rendering. Explicitly configure spring.jpa.open-in-view to disable this warning
2026-08-18T14:41:10.166+05:30  INFO 8880 --- [referral-outreach-manager] [           main] o.s.b.t.m.w.SpringBootMockServletContext : Initializing Spring TestDispatcherServlet ''
2026-08-18T14:41:10.166+05:30  INFO 8880 --- [referral-outreach-manager] [           main] o.s.t.web.servlet.TestDispatcherServlet  : Initializing Servlet ''
2026-08-18T14:41:10.167+05:30  INFO 8880 --- [referral-outreach-manager] [           main] o.s.t.web.servlet.TestDispatcherServlet  : Completed initialization in 1 ms
2026-08-18T14:41:10.200+05:30  INFO 8880 --- [referral-outreach-manager] [           main] c.r.o.c.AuthControllerIntegrationTest    : Started AuthControllerIntegrationTest in 13.104 seconds (process running for 15.506)
Hibernate: 
    select
        prt1_0.id,
        prt1_0.expiry_date,
        prt1_0.token,
        prt1_0.user_id 
    from
        password_reset_tokens prt1_0
Hibernate: 
    select
        u1_0.id,
        u1_0.email,
        u1_0.password,
        u1_0.username 
    from
        users u1_0
2026-08-18T14:41:10.967+05:30  INFO 8880 --- [referral-outreach-manager] [           main] c.r.outreach.controller.AuthController   : REST request to register user: newuser
Hibernate: 
    select
        u1_0.id 
    from
        users u1_0 
    where
        u1_0.username=? 
    fetch
        first ? rows only
Hibernate: 
    select
        u1_0.id 
    from
        users u1_0 
    where
        u1_0.email=? 
    fetch
        first ? rows only
Hibernate: 
    insert 
    into
        users
        (email, password, username, id) 
    values
        (?, ?, ?, default)
Hibernate: 
    insert 
    into
        candidate_profile
        (custom_fields_json, email, full_name, github_url, linkedin_url, location, phone_number, role_name, user_id, id) 
    values
        (?, ?, ?, ?, ?, ?, ?, ?, ?, default)
Hibernate: 
    insert 
    into
        email_template
        (body, created_timestamp, subject, template_name, updated_timestamp, user_id, id) 
    values
        (?, ?, ?, ?, ?, ?, default)
Hibernate: 
    insert 
    into
        email_template
        (body, created_timestamp, subject, template_name, updated_timestamp, user_id, id) 
    values
        (?, ?, ?, ?, ?, ?, default)
Hibernate: 
    insert 
    into
        email_template
        (body, created_timestamp, subject, template_name, updated_timestamp, user_id, id) 
    values
        (?, ?, ?, ?, ?, ?, default)
Hibernate: 
    insert 
    into
        email_template
        (body, created_timestamp, subject, template_name, updated_timestamp, user_id, id) 
    values
        (?, ?, ?, ?, ?, ?, default)
Hibernate: 
    select
        u1_0.id 
    from
        users u1_0 
    where
        u1_0.username=? 
    fetch
        first ? rows only
]]></system-out>
  </testcase>
  <testcase name="testLogin_Success" classname="com.referral.outreach.controller.AuthControllerIntegrationTest" time="0.419">
    <system-out><![CDATA[Hibernate: 
    select
        prt1_0.id,
        prt1_0.expiry_date,
        prt1_0.token,
        prt1_0.user_id 
    from
        password_reset_tokens prt1_0
Hibernate: 
    select
        u1_0.id,
        u1_0.email,
        u1_0.password,
        u1_0.username 
    from
        users u1_0
Hibernate: 
    insert 
    into
        users
        (email, password, username, id) 
    values
        (?, ?, ?, default)
2026-08-18T14:41:11.482+05:30  INFO 8880 --- [referral-outreach-manager] [           main] c.r.outreach.controller.AuthController   : REST request to authenticate user: loginuser
Hibernate: 
    select
        u1_0.id,
        u1_0.email,
        u1_0.password,
        u1_0.username 
    from
        users u1_0 
    where
        u1_0.username=? 
        or u1_0.email=?
]]></system-out>
  </testcase>
  <testcase name="testResetPassword_Success" classname="com.referral.outreach.controller.AuthControllerIntegrationTest" time="0.553">
    <system-out><![CDATA[Hibernate: 
    select
        prt1_0.id,
        prt1_0.expiry_date,
        prt1_0.token,
        prt1_0.user_id 
    from
        password_reset_tokens prt1_0
Hibernate: 
    select
        u1_0.id,
        u1_0.email,
        u1_0.password,
        u1_0.username 
    from
        users u1_0
Hibernate: 
    insert 
    into
        users
        (email, password, username, id) 
    values
        (?, ?, ?, default)
Hibernate: 
    insert 
    into
        password_reset_tokens
        (expiry_date, token, user_id, id) 
    values
        (?, ?, ?, default)
2026-08-18T14:41:11.927+05:30  INFO 8880 --- [referral-outreach-manager] [           main] c.r.outreach.controller.AuthController   : REST request to reset password using token
Hibernate: 
    select
        prt1_0.id,
        prt1_0.expiry_date,
        prt1_0.token,
        prt1_0.user_id 
    from
        password_reset_tokens prt1_0 
    where
        prt1_0.token=?
Hibernate: 
    update
        users 
    set
        email=?,
        password=?,
        username=? 
    where
        id=?
Hibernate: 
    delete 
    from
        password_reset_tokens 
    where
        id=?
Hibernate: 
    select
        prt1_0.id,
        prt1_0.expiry_date,
        prt1_0.token,
        prt1_0.user_id 
    from
        password_reset_tokens prt1_0 
    where
        prt1_0.token=?
]]></system-out>
  </testcase>
  <testcase name="testForgotPassword_Success" classname="com.referral.outreach.controller.AuthControllerIntegrationTest" time="0.231">
    <system-out><![CDATA[Hibernate: 
    select
        prt1_0.id,
        prt1_0.expiry_date,
        prt1_0.token,
        prt1_0.user_id 
    from
        password_reset_tokens prt1_0
Hibernate: 
    select
        u1_0.id,
        u1_0.email,
        u1_0.password,
        u1_0.username 
    from
        users u1_0
Hibernate: 
    insert 
    into
        users
        (email, password, username, id) 
    values
        (?, ?, ?, default)
2026-08-18T14:41:12.491+05:30  INFO 8880 --- [referral-outreach-manager] [           main] c.r.outreach.controller.AuthController   : REST request to trigger forgot password for email: resetuser@gmail.com
Hibernate: 
    select
        u1_0.id,
        u1_0.email,
        u1_0.password,
        u1_0.username 
    from
        users u1_0 
    where
        u1_0.email=?
Hibernate: 
    delete 
    from
        password_reset_tokens prt1_0 
    where
        prt1_0.user_id=?
Hibernate: 
    insert 
    into
        password_reset_tokens
        (expiry_date, token, user_id, id) 
    values
        (?, ?, ?, default)
2026-08-18T14:41:12.519+05:30  INFO 8880 --- [referral-outreach-manager] [           main] c.r.o.service.impl.MailServiceImpl       : Sending password reset email to: resetuser@gmail.com
2026-08-18T14:41:12.520+05:30  INFO 8880 --- [referral-outreach-manager] [           main] c.r.o.service.impl.MailServiceImpl       : ==================================================================
2026-08-18T14:41:12.520+05:30  INFO 8880 --- [referral-outreach-manager] [           main] c.r.o.service.impl.MailServiceImpl       : PASSWORD RESET LINK GENERATED FOR [resetuser@gmail.com]:
2026-08-18T14:41:12.520+05:30  INFO 8880 --- [referral-outreach-manager] [           main] c.r.o.service.impl.MailServiceImpl       : --> http://localhost:5173/reset-password?token=13b51d5c-e45a-409a-861c-7af23b6fca1b
2026-08-18T14:41:12.521+05:30  INFO 8880 --- [referral-outreach-manager] [           main] c.r.o.service.impl.MailServiceImpl       : ==================================================================
2026-08-18T14:41:12.533+05:30  INFO 8880 --- [referral-outreach-manager] [           main] c.r.o.service.impl.MailServiceImpl       : Password reset email sent via Resend to: resetuser@gmail.com, response ID: resend_reset_123
2026-08-18T14:41:12.533+05:30  INFO 8880 --- [referral-outreach-manager] [           main] c.r.o.service.impl.MailServiceImpl       : Password reset email sent successfully to: resetuser@gmail.com
Hibernate: 
    select
        count(*) 
    from
        password_reset_tokens prt1_0
]]></system-out>
  </testcase>
</testsuite>