<?xml version="1.0" encoding="UTF-8"?>
<testsuite xmlns:xsi="http://www.w3.org/2001/XMLSchema-instance" xsi:noNamespaceSchemaLocation="https://maven.apache.org/surefire/maven-surefire-plugin/xsd/surefire-test-report-3.0.xsd" version="3.0" name="com.referral.outreach.controller.CampaignControllerIntegrationTest" time="0.279" tests="4" errors="0" skipped="0" failures="0">
  <properties>
[...]
</properties>
  <testcase name="testEnableCampaign_Success" classname="com.referral.outreach.controller.CampaignControllerIntegrationTest" time="0.102">
    <system-out><![CDATA[2026-08-18T14:41:12.572+05:30  INFO 8880 --- [referral-outreach-manager] [           main] t.c.s.AnnotationConfigContextLoaderUtils : Could not detect default configuration classes for test class [com.referral.outreach.controller.CampaignControllerIntegrationTest]: CampaignControllerIntegrationTest does not declare any static, non-private, non-final, nested classes annotated with @Configuration.
2026-08-18T14:41:12.580+05:30  INFO 8880 --- [referral-outreach-manager] [           main] .b.t.c.SpringBootTestContextBootstrapper : Found @SpringBootConfiguration com.referral.outreach.OutreachApplication for test class com.referral.outreach.controller.CampaignControllerIntegrationTest
Hibernate: 
    select
        c1_0.id,
        c1_0.created_timestamp,
        c1_0.template_id,
        c1_0.is_enabled,
        c1_0.name,
        c1_0.resume_id,
        c1_0.target_set,
        c1_0.target_title_group,
        c1_0.user_id 
    from
        campaign c1_0
Hibernate: 
    select
        et1_0.id,
        et1_0.body,
        et1_0.created_timestamp,
        et1_0.subject,
        et1_0.template_name,
        et1_0.updated_timestamp,
        et1_0.user_id 
    from
        email_template et1_0
Hibernate: 
    select
        r1_0.id,
        r1_0.content_type,
        r1_0.file_path,
        r1_0.file_size,
        r1_0.filename,
        r1_0.is_active,
        r1_0.original_filename,
        r1_0.uploaded_timestamp,
        r1_0.user_id 
    from
        resume r1_0
Hibernate: 
    select
        r1_0.id,
        r1_0.company,
        r1_0.contact_set,
        r1_0.email,
        r1_0.last_contacted_date,
        r1_0.name,
        r1_0.status,
        r1_0.title 
    from
        recruiter r1_0
Hibernate: 
    select
        u1_0.id,
        u1_0.email,
        u1_0.password,
        u1_0.username 
    from
        users u1_0
Hibernate: 
    insert 
    into
        users
        (email, password, username, id) 
    values
        (?, ?, ?, default)
Hibernate: 
    insert 
    into
        email_template
        (body, created_timestamp, subject, template_name, updated_timestamp, user_id, id) 
    values
        (?, ?, ?, ?, ?, ?, default)
Hibernate: 
    insert 
    into
        resume
        (content_type, file_path, file_size, filename, is_active, original_filename, uploaded_timestamp, user_id, id) 
    values
        (?, ?, ?, ?, ?, ?, ?, ?, default)
Hibernate: 
    insert 
    into
        recruiter
        (company, contact_set, email, last_contacted_date, name, status, title, id) 
    values
        (?, ?, ?, ?, ?, ?, ?, default)
Hibernate: 
    insert 
    into
        campaign
        (created_timestamp, template_id, is_enabled, name, resume_id, target_set, target_title_group, user_id, id) 
    values
        (?, ?, ?, ?, ?, ?, ?, ?, default)
Hibernate: 
    insert 
    into
        campaign
        (created_timestamp, template_id, is_enabled, name, resume_id, target_set, target_title_group, user_id, id) 
    values
        (?, ?, ?, ?, ?, ?, ?, ?, default)
2026-08-18T14:41:12.638+05:30  INFO 8880 --- [referral-outreach-manager] [           main] c.r.o.controller.CampaignController      : REST request to enable campaign ID: 2
2026-08-18T14:41:12.640+05:30  INFO 8880 --- [referral-outreach-manager] [           main] c.r.o.service.impl.CampaignServiceImpl   : Enabling campaign ID: 2 for user: testuser
Hibernate: 
    update
        campaign c1_0 
    set
        is_enabled=false 
    where
        c1_0.id<>? 
        and c1_0.user_id=?
Hibernate: 
    select
        c1_0.id,
        c1_0.created_timestamp,
        c1_0.template_id,
        c1_0.is_enabled,
        c1_0.name,
        c1_0.resume_id,
        c1_0.target_set,
        c1_0.target_title_group,
        c1_0.user_id 
    from
        campaign c1_0 
    where
        c1_0.id=?
2026-08-18T14:41:12.673+05:30  INFO 8880 --- [referral-outreach-manager] [           main] c.r.o.service.impl.CampaignServiceImpl   : Campaign ID: 2 enabled successfully
Hibernate: 
    select
        et1_0.id,
        et1_0.body,
        et1_0.created_timestamp,
        et1_0.subject,
        et1_0.template_name,
        et1_0.updated_timestamp,
        et1_0.user_id 
    from
        email_template et1_0 
    where
        et1_0.id=?
Hibernate: 
    select
        r1_0.id,
        r1_0.content_type,
        r1_0.file_path,
        r1_0.file_size,
        r1_0.filename,
        r1_0.is_active,
        r1_0.original_filename,
        r1_0.uploaded_timestamp,
        r1_0.user_id 
    from
        resume r1_0 
    where
        r1_0.id=?
Hibernate: 
    select
        c1_0.id,
        c1_0.created_timestamp,
        c1_0.template_id,
        c1_0.is_enabled,
        c1_0.name,
        c1_0.resume_id,
        c1_0.target_set,
        c1_0.target_title_group,
        c1_0.user_id 
    from
        campaign c1_0 
    where
        c1_0.id=?
]]></system-out>
  </testcase>
  <testcase name="testCreateCampaign_Success" classname="com.referral.outreach.controller.CampaignControllerIntegrationTest" time="0.041">
    <system-out><![CDATA[Hibernate: 
    select
        c1_0.id,
        c1_0.created_timestamp,
        c1_0.template_id,
        c1_0.is_enabled,
        c1_0.name,
        c1_0.resume_id,
        c1_0.target_set,
        c1_0.target_title_group,
        c1_0.user_id 
    from
        campaign c1_0
Hibernate: 
    select
        et1_0.id,
        et1_0.body,
        et1_0.created_timestamp,
        et1_0.subject,
        et1_0.template_name,
        et1_0.updated_timestamp,
        et1_0.user_id 
    from
        email_template et1_0
Hibernate: 
    select
        r1_0.id,
        r1_0.content_type,
        r1_0.file_path,
        r1_0.file_size,
        r1_0.filename,
        r1_0.is_active,
        r1_0.original_filename,
        r1_0.uploaded_timestamp,
        r1_0.user_id 
    from
        resume r1_0
Hibernate: 
    select
        r1_0.id,
        r1_0.company,
        r1_0.contact_set,
        r1_0.email,
        r1_0.last_contacted_date,
        r1_0.name,
        r1_0.status,
        r1_0.title 
    from
        recruiter r1_0
Hibernate: 
    select
        u1_0.id,
        u1_0.email,
        u1_0.password,
        u1_0.username 
    from
        users u1_0
Hibernate: 
    insert 
    into
        users
        (email, password, username, id) 
    values
        (?, ?, ?, default)
Hibernate: 
    insert 
    into
        email_template
        (body, created_timestamp, subject, template_name, updated_timestamp, user_id, id) 
    values
        (?, ?, ?, ?, ?, ?, default)
Hibernate: 
    insert 
    into
        resume
        (content_type, file_path, file_size, filename, is_active, original_filename, uploaded_timestamp, user_id, id) 
    values
        (?, ?, ?, ?, ?, ?, ?, ?, default)
Hibernate: 
    insert 
    into
        recruiter
        (company, contact_set, email, last_contacted_date, name, status, title, id) 
    values
        (?, ?, ?, ?, ?, ?, ?, default)
2026-08-18T14:41:12.724+05:30  INFO 8880 --- [referral-outreach-manager] [           main] c.r.o.controller.CampaignController      : REST request to create campaign: Fall Campaign
2026-08-18T14:41:12.725+05:30  INFO 8880 --- [referral-outreach-manager] [           main] c.r.o.service.impl.CampaignServiceImpl   : Creating campaign: Fall Campaign for user: testuser
Hibernate: 
    insert 
    into
        campaign
        (created_timestamp, template_id, is_enabled, name, resume_id, target_set, target_title_group, user_id, id) 
    values
        (?, ?, ?, ?, ?, ?, ?, ?, default)
Hibernate: 
    update
        campaign c1_0 
    set
        is_enabled=false 
    where
        c1_0.id<>? 
        and c1_0.user_id=?
2026-08-18T14:41:12.729+05:30  INFO 8880 --- [referral-outreach-manager] [           main] c.r.o.service.impl.CampaignServiceImpl   : Created campaign ID: 3 successfully
]]></system-out>
  </testcase>
  <testcase name="testTriggerCampaign_Success" classname="com.referral.outreach.controller.CampaignControllerIntegrationTest" time="0.055">
    <system-out><![CDATA[Hibernate: 
    select
        c1_0.id,
        c1_0.created_timestamp,
        c1_0.template_id,
        c1_0.is_enabled,
        c1_0.name,
        c1_0.resume_id,
        c1_0.target_set,
        c1_0.target_title_group,
        c1_0.user_id 
    from
        campaign c1_0
Hibernate: 
    select
        et1_0.id,
        et1_0.body,
        et1_0.created_timestamp,
        et1_0.subject,
        et1_0.template_name,
        et1_0.updated_timestamp,
        et1_0.user_id 
    from
        email_template et1_0
Hibernate: 
    select
        r1_0.id,
        r1_0.content_type,
        r1_0.file_path,
        r1_0.file_size,
        r1_0.filename,
        r1_0.is_active,
        r1_0.original_filename,
        r1_0.uploaded_timestamp,
        r1_0.user_id 
    from
        resume r1_0
Hibernate: 
    select
        r1_0.id,
        r1_0.company,
        r1_0.contact_set,
        r1_0.email,
        r1_0.last_contacted_date,
        r1_0.name,
        r1_0.status,
        r1_0.title 
    from
        recruiter r1_0
Hibernate: 
    select
        u1_0.id,
        u1_0.email,
        u1_0.password,
        u1_0.username 
    from
        users u1_0
Hibernate: 
    insert 
    into
        users
        (email, password, username, id) 
    values
        (?, ?, ?, default)
Hibernate: 
    insert 
    into
        email_template
        (body, created_timestamp, subject, template_name, updated_timestamp, user_id, id) 
    values
        (?, ?, ?, ?, ?, ?, default)
Hibernate: 
    insert 
    into
        resume
        (content_type, file_path, file_size, filename, is_active, original_filename, uploaded_timestamp, user_id, id) 
    values
        (?, ?, ?, ?, ?, ?, ?, ?, default)
Hibernate: 
    insert 
    into
        recruiter
        (company, contact_set, email, last_contacted_date, name, status, title, id) 
    values
        (?, ?, ?, ?, ?, ?, ?, default)
Hibernate: 
    insert 
    into
        campaign
        (created_timestamp, template_id, is_enabled, name, resume_id, target_set, target_title_group, user_id, id) 
    values
        (?, ?, ?, ?, ?, ?, ?, ?, default)
2026-08-18T14:41:12.763+05:30  INFO 8880 --- [referral-outreach-manager] [           main] c.r.o.controller.CampaignController      : REST request to manually trigger campaign: 4 for recruiter: 3
2026-08-18T14:41:12.764+05:30  INFO 8880 --- [referral-outreach-manager] [           main] c.r.o.service.impl.CampaignServiceImpl   : Manually triggering campaign ID: 4 for recruiter ID: 3 by user: testuser
Hibernate: 
    select
        cp1_0.id,
        cp1_0.custom_fields_json,
        cp1_0.email,
        cp1_0.full_name,
        cp1_0.github_url,
        cp1_0.linkedin_url,
        cp1_0.location,
        cp1_0.phone_number,
        cp1_0.role_name,
        cp1_0.user_id 
    from
        candidate_profile cp1_0 
    where
        cp1_0.user_id=?
2026-08-18T14:41:12.775+05:30  INFO 8880 --- [referral-outreach-manager] [           main] c.r.o.service.impl.MailServiceImpl       : Attempting to send email to recruiter: Bob Smith (bob@company.com) for company: Microsoft
2026-08-18T14:41:12.780+05:30  INFO 8880 --- [referral-outreach-manager] [           main] c.r.o.service.impl.MailServiceImpl       : Resend email response ID: resend_campaign_123
Hibernate: 
    insert 
    into
        email_history
        (campaign_id, error_message, recipient_email, recruiter_id, sent_timestamp, status, subject_used, user_id, id) 
    values
        (?, ?, ?, ?, ?, ?, ?, ?, default)
2026-08-18T14:41:12.784+05:30  INFO 8880 --- [referral-outreach-manager] [           main] c.r.o.service.impl.MailServiceImpl       : Email sent successfully to: bob@company.com
2026-08-18T14:41:12.785+05:30  INFO 8880 --- [referral-outreach-manager] [           main] c.r.o.service.impl.CampaignServiceImpl   : Manually triggered campaign ID: 4 completed successfully
]]></system-out>
  </testcase>
  <testcase name="testPreviewEmail_Success" classname="com.referral.outreach.controller.CampaignControllerIntegrationTest" time="0.056">
    <system-out><![CDATA[Hibernate: 
    select
        c1_0.id,
        c1_0.created_timestamp,
        c1_0.template_id,
        c1_0.is_enabled,
        c1_0.name,
        c1_0.resume_id,
        c1_0.target_set,
        c1_0.target_title_group,
        c1_0.user_id 
    from
        campaign c1_0
Hibernate: 
    select
        et1_0.id,
        et1_0.body,
        et1_0.created_timestamp,
        et1_0.subject,
        et1_0.template_name,
        et1_0.updated_timestamp,
        et1_0.user_id 
    from
        email_template et1_0
Hibernate: 
    select
        r1_0.id,
        r1_0.content_type,
        r1_0.file_path,
        r1_0.file_size,
        r1_0.filename,
        r1_0.is_active,
        r1_0.original_filename,
        r1_0.uploaded_timestamp,
        r1_0.user_id 
    from
        resume r1_0
Hibernate: 
    select
        r1_0.id,
        r1_0.company,
        r1_0.contact_set,
        r1_0.email,
        r1_0.last_contacted_date,
        r1_0.name,
        r1_0.status,
        r1_0.title 
    from
        recruiter r1_0
Hibernate: 
    select
        u1_0.id,
        u1_0.email,
        u1_0.password,
        u1_0.username 
    from
        users u1_0
Hibernate: 
    insert 
    into
        users
        (email, password, username, id) 
    values
        (?, ?, ?, default)
Hibernate: 
    insert 
    into
        email_template
        (body, created_timestamp, subject, template_name, updated_timestamp, user_id, id) 
    values
        (?, ?, ?, ?, ?, ?, default)
Hibernate: 
    insert 
    into
        resume
        (content_type, file_path, file_size, filename, is_active, original_filename, uploaded_timestamp, user_id, id) 
    values
        (?, ?, ?, ?, ?, ?, ?, ?, default)
Hibernate: 
    insert 
    into
        recruiter
        (company, contact_set, email, last_contacted_date, name, status, title, id) 
    values
        (?, ?, ?, ?, ?, ?, ?, default)
Hibernate: 
    insert 
    into
        campaign
        (created_timestamp, template_id, is_enabled, name, resume_id, target_set, target_title_group, user_id, id) 
    values
        (?, ?, ?, ?, ?, ?, ?, ?, default)
2026-08-18T14:41:12.824+05:30  INFO 8880 --- [referral-outreach-manager] [           main] c.r.o.controller.CampaignController      : REST request to preview email for campaign: 5 and recruiter: 4
2026-08-18T14:41:12.824+05:30  INFO 8880 --- [referral-outreach-manager] [           main] c.r.o.service.impl.CampaignServiceImpl   : Generating email preview for campaign ID: 5 and recruiter ID: 4 by user: testuser
Hibernate: 
    select
        cp1_0.id,
        cp1_0.custom_fields_json,
        cp1_0.email,
        cp1_0.full_name,
        cp1_0.github_url,
        cp1_0.linkedin_url,
        cp1_0.location,
        cp1_0.phone_number,
        cp1_0.role_name,
        cp1_0.user_id 
    from
        candidate_profile cp1_0 
    where
        cp1_0.user_id=?
Hibernate: 
    select
        cp1_0.id,
        cp1_0.custom_fields_json,
        cp1_0.email,
        cp1_0.full_name,
        cp1_0.github_url,
        cp1_0.linkedin_url,
        cp1_0.location,
        cp1_0.phone_number,
        cp1_0.role_name,
        cp1_0.user_id 
    from
        candidate_profile cp1_0 
    where
        cp1_0.user_id=?
]]></system-out>
  </testcase>
</testsuite>