<?xml version="1.0" encoding="UTF-8"?>
<testsuite xmlns:xsi="http://www.w3.org/2001/XMLSchema-instance" xsi:noNamespaceSchemaLocation="https://maven.apache.org/surefire/maven-surefire-plugin/xsd/surefire-test-report-3.0.xsd" version="3.0" name="com.referral.outreach.service.MailServiceTest" time="1.113" tests="2" errors="0" skipped="0" failures="0">
  <properties>
[...]
</properties>
  <testcase name="testSendOutreachEmail_Success" classname="com.referral.outreach.service.MailServiceTest" time="0.039">
    <system-out><![CDATA[2026-08-18T14:53:20.535+05:30  INFO 28156 --- [referral-outreach-manager] [           main] t.c.s.AnnotationConfigContextLoaderUtils : Could not detect default configuration classes for test class [com.referral.outreach.service.MailServiceTest]: MailServiceTest does not declare any static, non-private, non-final, nested classes annotated with @Configuration.
2026-08-18T14:53:20.558+05:30  INFO 28156 --- [referral-outreach-manager] [           main] .b.t.c.SpringBootTestContextBootstrapper : Found @SpringBootConfiguration com.referral.outreach.OutreachApplication for test class com.referral.outreach.service.MailServiceTest

  .   ____          _            __ _ _
 /\\ / ___'_ __ _ _(_)_ __  __ _ \ \ \ \
( ( )\___ | '_ | '_| | '_ \/ _` | \ \ \ \
 \\/  ___)| |_)| | | | | || (_| |  ) ) ) )
  '  |____| .__|_| |_|_| |_\__, | / / / /
 =========|_|==============|___/=/_/_/_/

 :: Spring Boot ::                (v3.3.1)

2026-08-18T14:53:20.612+05:30  INFO 28156 --- [referral-outreach-manager] [           main] c.r.outreach.service.MailServiceTest     : Starting MailServiceTest using Java 17.0.12 with PID 28156 (started by ashri in C:\Users\ashri\SpringNew\Automatic mail sender to recruters\Backend)
2026-08-18T14:53:20.612+05:30  INFO 28156 --- [referral-outreach-manager] [           main] c.r.outreach.service.MailServiceTest     : The following 1 profile is active: "test"
2026-08-18T14:53:20.867+05:30  INFO 28156 --- [referral-outreach-manager] [           main] .s.d.r.c.RepositoryConfigurationDelegate : Bootstrapping Spring Data JPA repositories in DEFAULT mode.
2026-08-18T14:53:20.907+05:30  INFO 28156 --- [referral-outreach-manager] [           main] .s.d.r.c.RepositoryConfigurationDelegate : Finished Spring Data repository scanning in 39 ms. Found 8 JPA repository interfaces.
2026-08-18T14:53:21.004+05:30  INFO 28156 --- [referral-outreach-manager] [           main] o.hibernate.jpa.internal.util.LogHelper  : HHH000204: Processing PersistenceUnitInfo [name: default]
2026-08-18T14:53:21.006+05:30  INFO 28156 --- [referral-outreach-manager] [           main] o.h.c.internal.RegionFactoryInitiator    : HHH000026: Second-level cache disabled
2026-08-18T14:53:21.020+05:30  INFO 28156 --- [referral-outreach-manager] [           main] o.s.o.j.p.SpringPersistenceUnitInfo      : No LoadTimeWeaver setup: ignoring JPA class transformer
2026-08-18T14:53:21.023+05:30  INFO 28156 --- [referral-outreach-manager] [           main] com.zaxxer.hikari.HikariDataSource       : HikariPool-4 - Starting...
2026-08-18T14:53:21.024+05:30  INFO 28156 --- [referral-outreach-manager] [           main] com.zaxxer.hikari.pool.HikariPool        : HikariPool-4 - Added connection conn30: url=jdbc:h2:mem:testdb user=SA
2026-08-18T14:53:21.024+05:30  INFO 28156 --- [referral-outreach-manager] [           main] com.zaxxer.hikari.HikariDataSource       : HikariPool-4 - Start completed.
2026-08-18T14:53:21.026+05:30  WARN 28156 --- [referral-outreach-manager] [           main] org.hibernate.orm.deprecation            : HHH90000025: H2Dialect does not need to be specified explicitly using 'hibernate.dialect' (remove the property setting and it will be selected by default)
2026-08-18T14:53:21.193+05:30  INFO 28156 --- [referral-outreach-manager] [           main] o.h.e.t.j.p.i.JtaPlatformInitiator       : HHH000489: No JTA platform available (set 'hibernate.transaction.jta.platform' to enable JTA platform integration)
Hibernate: 
    drop table if exists campaign cascade 
Hibernate: 
    drop table if exists candidate_profile cascade 
Hibernate: 
    drop table if exists email_history cascade 
Hibernate: 
    drop table if exists email_template cascade 
Hibernate: 
    drop table if exists password_reset_tokens cascade 
Hibernate: 
    drop table if exists recruiter cascade 
Hibernate: 
    drop table if exists resume cascade 
Hibernate: 
    drop table if exists users cascade 
Hibernate: 
    create table campaign (
        is_enabled boolean not null,
        target_set integer,
        created_timestamp timestamp(6) not null,
        id bigint generated by default as identity,
        resume_id bigint not null,
        template_id bigint not null,
        user_id bigint,
        name varchar(255) not null,
        target_title_group varchar(255),
        primary key (id)
    )
Hibernate: 
    create table candidate_profile (
        id bigint generated by default as identity,
        user_id bigint unique,
        custom_fields_json TEXT,
        email varchar(255),
        full_name varchar(255),
        github_url varchar(255),
        linkedin_url varchar(255),
        location varchar(255),
        phone_number varchar(255),
        role_name varchar(255),
        primary key (id)
    )
Hibernate: 
    create table email_history (
        campaign_id bigint,
        id bigint generated by default as identity,
        recruiter_id bigint not null,
        sent_timestamp timestamp(6) not null,
        user_id bigint,
        error_message TEXT,
        recipient_email varchar(255) not null,
        subject_used varchar(255) not null,
        status enum ('FAILED','SUCCESS') not null,
        primary key (id)
    )
Hibernate: 
    create table email_template (
        created_timestamp timestamp(6) not null,
        id bigint generated by default as identity,
        updated_timestamp timestamp(6) not null,
        user_id bigint,
        body TEXT not null,
        subject varchar(255) not null,
        template_name varchar(255) not null,
        primary key (id),
        unique (template_name, user_id)
    )
Hibernate: 
    create table password_reset_tokens (
        expiry_date timestamp(6) not null,
        id bigint generated by default as identity,
        user_id bigint not null unique,
        token varchar(255) not null unique,
        primary key (id)
    )
Hibernate: 
    create table recruiter (
        contact_set integer,
        id bigint generated by default as identity,
        last_contacted_date timestamp(6),
        company varchar(255) not null,
        email varchar(255) not null unique,
        name varchar(255) not null,
        title varchar(255),
        status enum ('ACTIVE','INACTIVE') not null,
        primary key (id)
    )
Hibernate: 
    create table resume (
        is_active boolean not null,
        file_size bigint not null,
        id bigint generated by default as identity,
        uploaded_timestamp timestamp(6) not null,
        user_id bigint,
        content_type varchar(255) not null,
        file_path varchar(255) not null,
        filename varchar(255) not null,
        original_filename varchar(255) not null,
        primary key (id)
    )
Hibernate: 
    create table users (
        id bigint generated by default as identity,
        email varchar(255) not null unique,
        password varchar(255) not null,
        username varchar(255) not null unique,
        primary key (id)
    )
Hibernate: 
    alter table if exists campaign 
       add constraint FKi2kblot3gj9ts1wp0al4pn1ca 
       foreign key (template_id) 
       references email_template
Hibernate: 
    alter table if exists campaign 
       add constraint FK1mncldnoh9spvxypd1fjfqi42 
       foreign key (resume_id) 
       references resume
Hibernate: 
    alter table if exists campaign 
       add constraint FKf4g8y9pqtlnenst5rhewbd7jm 
       foreign key (user_id) 
       references users
Hibernate: 
    alter table if exists candidate_profile 
       add constraint FKdnxpt1u3e0cf9s72bklyrnlkd 
       foreign key (user_id) 
       references users
Hibernate: 
    alter table if exists email_history 
       add constraint FKslt4ovgdgwvsdwnmjjode9qou 
       foreign key (campaign_id) 
       references campaign
Hibernate: 
    alter table if exists email_history 
       add constraint FK8mcus6r4ymcihw4yry43wx5qo 
       foreign key (recruiter_id) 
       references recruiter
Hibernate: 
    alter table if exists email_history 
       add constraint FKokrrh26v7faaux2a2mk7qbsec 
       foreign key (user_id) 
       references users
Hibernate: 
    alter table if exists email_template 
       add constraint FKoul1sgbkanim0ye7tg4xlaauv 
       foreign key (user_id) 
       references users
Hibernate: 
    alter table if exists password_reset_tokens 
       add constraint FKk3ndxg5xp6v7wd4gjyusp15gq 
       foreign key (user_id) 
       references users
Hibernate: 
    alter table if exists resume 
       add constraint FKpv0whudowxosfu792veo6s2c0 
       foreign key (user_id) 
       references users
2026-08-18T14:53:21.223+05:30  INFO 28156 --- [referral-outreach-manager] [           main] j.LocalContainerEntityManagerFactoryBean : Initialized JPA EntityManagerFactory for persistence unit 'default'
2026-08-18T14:53:21.261+05:30  INFO 28156 --- [referral-outreach-manager] [           main] r$InitializeUserDetailsManagerConfigurer : Global AuthenticationManager configured with UserDetailsService bean with name customUserDetailsService
2026-08-18T14:53:21.407+05:30  WARN 28156 --- [referral-outreach-manager] [           main] JpaBaseConfiguration$JpaWebConfiguration : spring.jpa.open-in-view is enabled by default. Therefore, database queries may be performed during view rendering. Explicitly configure spring.jpa.open-in-view to disable this warning
2026-08-18T14:53:21.552+05:30  INFO 28156 --- [referral-outreach-manager] [           main] c.r.outreach.service.MailServiceTest     : Started MailServiceTest in 0.988 seconds (process running for 27.388)
Hibernate: 
    select
        r1_0.id,
        r1_0.company,
        r1_0.contact_set,
        r1_0.email,
        r1_0.last_contacted_date,
        r1_0.name,
        r1_0.status,
        r1_0.title 
    from
        recruiter r1_0
Hibernate: 
    select
        et1_0.id,
        et1_0.body,
        et1_0.created_timestamp,
        et1_0.subject,
        et1_0.template_name,
        et1_0.updated_timestamp,
        et1_0.user_id 
    from
        email_template et1_0
Hibernate: 
    select
        r1_0.id,
        r1_0.content_type,
        r1_0.file_path,
        r1_0.file_size,
        r1_0.filename,
        r1_0.is_active,
        r1_0.original_filename,
        r1_0.uploaded_timestamp,
        r1_0.user_id 
    from
        resume r1_0
Hibernate: 
    select
        eh1_0.id,
        eh1_0.campaign_id,
        eh1_0.error_message,
        eh1_0.recipient_email,
        eh1_0.recruiter_id,
        eh1_0.sent_timestamp,
        eh1_0.status,
        eh1_0.subject_used,
        eh1_0.user_id 
    from
        email_history eh1_0
Hibernate: 
    insert 
    into
        recruiter
        (company, contact_set, email, last_contacted_date, name, status, title, id) 
    values
        (?, ?, ?, ?, ?, ?, ?, default)
Hibernate: 
    insert 
    into
        email_template
        (body, created_timestamp, subject, template_name, updated_timestamp, user_id, id) 
    values
        (?, ?, ?, ?, ?, ?, default)
Hibernate: 
    insert 
    into
        resume
        (content_type, file_path, file_size, filename, is_active, original_filename, uploaded_timestamp, user_id, id) 
    values
        (?, ?, ?, ?, ?, ?, ?, ?, default)
2026-08-18T14:53:21.580+05:30  INFO 28156 --- [referral-outreach-manager] [           main] c.r.o.service.impl.MailServiceImpl       : Attempting to send email to recruiter: Alice Recruiter (alice@company.com) for company: Amazon
2026-08-18T14:53:21.582+05:30  INFO 28156 --- [referral-outreach-manager] [           main] c.r.o.service.impl.MailServiceImpl       : Resend email response ID: resend_123
Hibernate: 
    insert 
    into
        email_history
        (campaign_id, error_message, recipient_email, recruiter_id, sent_timestamp, status, subject_used, user_id, id) 
    values
        (?, ?, ?, ?, ?, ?, ?, ?, default)
2026-08-18T14:53:21.586+05:30  INFO 28156 --- [referral-outreach-manager] [           main] c.r.o.service.impl.MailServiceImpl       : Email sent successfully to: alice@company.com
Hibernate: 
    select
        eh1_0.id,
        eh1_0.campaign_id,
        eh1_0.error_message,
        eh1_0.recipient_email,
        eh1_0.recruiter_id,
        eh1_0.sent_timestamp,
        eh1_0.status,
        eh1_0.subject_used,
        eh1_0.user_id 
    from
        email_history eh1_0
]]></system-out>
  </testcase>
  <testcase name="testSendOutreachEmail_Failure" classname="com.referral.outreach.service.MailServiceTest" time="0.049">
    <system-out><![CDATA[Hibernate: 
    select
        r1_0.id,
        r1_0.company,
        r1_0.contact_set,
        r1_0.email,
        r1_0.last_contacted_date,
        r1_0.name,
        r1_0.status,
        r1_0.title 
    from
        recruiter r1_0
Hibernate: 
    select
        et1_0.id,
        et1_0.body,
        et1_0.created_timestamp,
        et1_0.subject,
        et1_0.template_name,
        et1_0.updated_timestamp,
        et1_0.user_id 
    from
        email_template et1_0
Hibernate: 
    select
        r1_0.id,
        r1_0.content_type,
        r1_0.file_path,
        r1_0.file_size,
        r1_0.filename,
        r1_0.is_active,
        r1_0.original_filename,
        r1_0.uploaded_timestamp,
        r1_0.user_id 
    from
        resume r1_0
Hibernate: 
    select
        eh1_0.id,
        eh1_0.campaign_id,
        eh1_0.error_message,
        eh1_0.recipient_email,
        eh1_0.recruiter_id,
        eh1_0.sent_timestamp,
        eh1_0.status,
        eh1_0.subject_used,
        eh1_0.user_id 
    from
        email_history eh1_0
Hibernate: 
    insert 
    into
        recruiter
        (company, contact_set, email, last_contacted_date, name, status, title, id) 
    values
        (?, ?, ?, ?, ?, ?, ?, default)
Hibernate: 
    insert 
    into
        email_template
        (body, created_timestamp, subject, template_name, updated_timestamp, user_id, id) 
    values
        (?, ?, ?, ?, ?, ?, default)
Hibernate: 
    insert 
    into
        resume
        (content_type, file_path, file_size, filename, is_active, original_filename, uploaded_timestamp, user_id, id) 
    values
        (?, ?, ?, ?, ?, ?, ?, ?, default)
2026-08-18T14:53:21.623+05:30  INFO 28156 --- [referral-outreach-manager] [           main] c.r.o.service.impl.MailServiceImpl       : Attempting to send email to recruiter: Alice Recruiter (alice@company.com) for company: Amazon
2026-08-18T14:53:21.625+05:30 ERROR 28156 --- [referral-outreach-manager] [           main] c.r.o.service.impl.MailServiceImpl       : Failed to send email to: alice@company.com

java.lang.RuntimeException: Resend API rate limit exceeded
	at com.resend.services.emails.Emails.send(Emails.java:35) ~[resend-java-3.1.0.jar:na]
	at com.referral.outreach.service.impl.MailServiceImpl.sendOutreachEmail(MailServiceImpl.java:172) ~[classes/:na]
	at java.base/jdk.internal.reflect.NativeMethodAccessorImpl.invoke0(Native Method) ~[na:na]
	at java.base/jdk.internal.reflect.NativeMethodAccessorImpl.invoke(NativeMethodAccessorImpl.java:77) ~[na:na]
	at java.base/jdk.internal.reflect.DelegatingMethodAccessorImpl.invoke(DelegatingMethodAccessorImpl.java:43) ~[na:na]
	at java.base/java.lang.reflect.Method.invoke(Method.java:568) ~[na:na]
	at org.springframework.aop.support.AopUtils.invokeJoinpointUsingReflection(AopUtils.java:354) ~[spring-aop-6.1.10.jar:6.1.10]
	at org.springframework.aop.framework.ReflectiveMethodInvocation.invokeJoinpoint(ReflectiveMethodInvocation.java:196) ~[spring-aop-6.1.10.jar:6.1.10]
	at org.springframework.aop.framework.ReflectiveMethodInvocation.proceed(ReflectiveMethodInvocation.java:163) ~[spring-aop-6.1.10.jar:6.1.10]
	at org.springframework.aop.framework.CglibAopProxy$CglibMethodInvocation.proceed(CglibAopProxy.java:768) ~[spring-aop-6.1.10.jar:6.1.10]
	at org.springframework.transaction.interceptor.TransactionInterceptor$1.proceedWithInvocation(TransactionInterceptor.java:123) ~[spring-tx-6.1.10.jar:6.1.10]
	at org.springframework.transaction.interceptor.TransactionAspectSupport.invokeWithinTransaction(TransactionAspectSupport.java:392) ~[spring-tx-6.1.10.jar:6.1.10]
	at org.springframework.transaction.interceptor.TransactionInterceptor.invoke(TransactionInterceptor.java:119) ~[spring-tx-6.1.10.jar:6.1.10]
	at org.springframework.aop.framework.ReflectiveMethodInvocation.proceed(ReflectiveMethodInvocation.java:184) ~[spring-aop-6.1.10.jar:6.1.10]
	at org.springframework.aop.framework.CglibAopProxy$CglibMethodInvocation.proceed(CglibAopProxy.java:768) ~[spring-aop-6.1.10.jar:6.1.10]
	at org.springframework.aop.framework.CglibAopProxy$DynamicAdvisedInterceptor.intercept(CglibAopProxy.java:720) ~[spring-aop-6.1.10.jar:6.1.10]
	at com.referral.outreach.service.impl.MailServiceImpl$$SpringCGLIB$$0.sendOutreachEmail(<generated>) ~[classes/:na]
	at com.referral.outreach.service.MailServiceTest.testSendOutreachEmail_Failure(MailServiceTest.java:128) ~[test-classes/:na]
	at java.base/jdk.internal.reflect.NativeMethodAccessorImpl.invoke0(Native Method) ~[na:na]
	at java.base/jdk.internal.reflect.NativeMethodAccessorImpl.invoke(NativeMethodAccessorImpl.java:77) ~[na:na]
	at java.base/jdk.internal.reflect.DelegatingMethodAccessorImpl.invoke(DelegatingMethodAccessorImpl.java:43) ~[na:na]
	at java.base/java.lang.reflect.Method.invoke(Method.java:568) ~[na:na]
	at org.junit.platform.commons.util.ReflectionUtils.invokeMethod(ReflectionUtils.java:728) ~[junit-platform-commons-1.10.2.jar:1.10.2]
	at org.junit.jupiter.engine.execution.MethodInvocation.proceed(MethodInvocation.java:60) ~[junit-jupiter-engine-5.10.2.jar:5.10.2]
	at org.junit.jupiter.engine.execution.InvocationInterceptorChain$ValidatingInvocation.proceed(InvocationInterceptorChain.java:131) ~[junit-jupiter-engine-5.10.2.jar:5.10.2]
	at org.junit.jupiter.engine.extension.TimeoutExtension.intercept(TimeoutExtension.java:156) ~[junit-jupiter-engine-5.10.2.jar:5.10.2]
	at org.junit.jupiter.engine.extension.TimeoutExtension.interceptTestableMethod(TimeoutExtension.java:147) ~[junit-jupiter-engine-5.10.2.jar:5.10.2]
	at org.junit.jupiter.engine.extension.TimeoutExtension.interceptTestMethod(TimeoutExtension.java:86) ~[junit-jupiter-engine-5.10.2.jar:5.10.2]
	at org.junit.jupiter.engine.execution.InterceptingExecutableInvoker$ReflectiveInterceptorCall.lambda$ofVoidMethod$0(InterceptingExecutableInvoker.java:103) ~[junit-jupiter-engine-5.10.2.jar:5.10.2]
	at org.junit.jupiter.engine.execution.InterceptingExecutableInvoker.lambda$invoke$0(InterceptingExecutableInvoker.java:93) ~[junit-jupiter-engine-5.10.2.jar:5.10.2]
	at org.junit.jupiter.engine.execution.InvocationInterceptorChain$InterceptedInvocation.proceed(InvocationInterceptorChain.java:106) ~[junit-jupiter-engine-5.10.2.jar:5.10.2]
	at org.junit.jupiter.engine.execution.InvocationInterceptorChain.proceed(InvocationInterceptorChain.java:64) ~[junit-jupiter-engine-5.10.2.jar:5.10.2]
	at org.junit.jupiter.engine.execution.InvocationInterceptorChain.chainAndInvoke(InvocationInterceptorChain.java:45) ~[junit-jupiter-engine-5.10.2.jar:5.10.2]
	at org.junit.jupiter.engine.execution.InvocationInterceptorChain.invoke(InvocationInterceptorChain.java:37) ~[junit-jupiter-engine-5.10.2.jar:5.10.2]
	at org.junit.jupiter.engine.execution.InterceptingExecutableInvoker.invoke(InterceptingExecutableInvoker.java:92) ~[junit-jupiter-engine-5.10.2.jar:5.10.2]
	at org.junit.jupiter.engine.execution.InterceptingExecutableInvoker.invoke(InterceptingExecutableInvoker.java:86) ~[junit-jupiter-engine-5.10.2.jar:5.10.2]
	at org.junit.jupiter.engine.descriptor.TestMethodTestDescriptor.lambda$invokeTestMethod$7(TestMethodTestDescriptor.java:218) ~[junit-jupiter-engine-5.10.2.jar:5.10.2]
	at org.junit.platform.engine.support.hierarchical.ThrowableCollector.execute(ThrowableCollector.java:73) ~[junit-platform-engine-1.10.2.jar:1.10.2]
	at org.junit.jupiter.engine.descriptor.TestMethodTestDescriptor.invokeTestMethod(TestMethodTestDescriptor.java:214) ~[junit-jupiter-engine-5.10.2.jar:5.10.2]
	at org.junit.jupiter.engine.descriptor.TestMethodTestDescriptor.execute(TestMethodTestDescriptor.java:139) ~[junit-jupiter-engine-5.10.2.jar:5.10.2]
	at org.junit.jupiter.engine.descriptor.TestMethodTestDescriptor.execute(TestMethodTestDescriptor.java:69) ~[junit-jupiter-engine-5.10.2.jar:5.10.2]
	at org.junit.platform.engine.support.hierarchical.NodeTestTask.lambda$executeRecursively$6(NodeTestTask.java:151) ~[junit-platform-engine-1.10.2.jar:1.10.2]
	at org.junit.platform.engine.support.hierarchical.ThrowableCollector.execute(ThrowableCollector.java:73) ~[junit-platform-engine-1.10.2.jar:1.10.2]
	at org.junit.platform.engine.support.hierarchical.NodeTestTask.lambda$executeRecursively$8(NodeTestTask.java:141) ~[junit-platform-engine-1.10.2.jar:1.10.2]
	at org.junit.platform.engine.support.hierarchical.Node.around(Node.java:137) ~[junit-platform-engine-1.10.2.jar:1.10.2]
	at org.junit.platform.engine.support.hierarchical.NodeTestTask.lambda$executeRecursively$9(NodeTestTask.java:139) ~[junit-platform-engine-1.10.2.jar:1.10.2]
	at org.junit.platform.engine.support.hierarchical.ThrowableCollector.execute(ThrowableCollector.java:73) ~[junit-platform-engine-1.10.2.jar:1.10.2]
	at org.junit.platform.engine.support.hierarchical.NodeTestTask.executeRecursively(NodeTestTask.java:138) ~[junit-platform-engine-1.10.2.jar:1.10.2]
	at org.junit.platform.engine.support.hierarchical.NodeTestTask.execute(NodeTestTask.java:95) ~[junit-platform-engine-1.10.2.jar:1.10.2]
	at java.base/java.util.ArrayList.forEach(ArrayList.java:1511) ~[na:na]
	at org.junit.platform.engine.support.hierarchical.SameThreadHierarchicalTestExecutorService.invokeAll(SameThreadHierarchicalTestExecutorService.java:41) ~[junit-platform-engine-1.10.2.jar:1.10.2]
	at org.junit.platform.engine.support.hierarchical.NodeTestTask.lambda$executeRecursively$6(NodeTestTask.java:155) ~[junit-platform-engine-1.10.2.jar:1.10.2]
	at org.junit.platform.engine.support.hierarchical.ThrowableCollector.execute(ThrowableCollector.java:73) ~[junit-platform-engine-1.10.2.jar:1.10.2]
	at org.junit.platform.engine.support.hierarchical.NodeTestTask.lambda$executeRecursively$8(NodeTestTask.java:141) ~[junit-platform-engine-1.10.2.jar:1.10.2]
	at org.junit.platform.engine.support.hierarchical.Node.around(Node.java:137) ~[junit-platform-engine-1.10.2.jar:1.10.2]
	at org.junit.platform.engine.support.hierarchical.NodeTestTask.lambda$executeRecursively$9(NodeTestTask.java:139) ~[junit-platform-engine-1.10.2.jar:1.10.2]
	at org.junit.platform.engine.support.hierarchical.ThrowableCollector.execute(ThrowableCollector.java:73) ~[junit-platform-engine-1.10.2.jar:1.10.2]
	at org.junit.platform.engine.support.hierarchical.NodeTestTask.executeRecursively(NodeTestTask.java:138) ~[junit-platform-engine-1.10.2.jar:1.10.2]
	at org.junit.platform.engine.support.hierarchical.NodeTestTask.execute(NodeTestTask.java:95) ~[junit-platform-engine-1.10.2.jar:1.10.2]
	at java.base/java.util.ArrayList.forEach(ArrayList.java:1511) ~[na:na]
	at org.junit.platform.engine.support.hierarchical.SameThreadHierarchicalTestExecutorService.invokeAll(SameThreadHierarchicalTestExecutorService.java:41) ~[junit-platform-engine-1.10.2.jar:1.10.2]
	at org.junit.platform.engine.support.hierarchical.NodeTestTask.lambda$executeRecursively$6(NodeTestTask.java:155) ~[junit-platform-engine-1.10.2.jar:1.10.2]
	at org.junit.platform.engine.support.hierarchical.ThrowableCollector.execute(ThrowableCollector.java:73) ~[junit-platform-engine-1.10.2.jar:1.10.2]
	at org.junit.platform.engine.support.hierarchical.NodeTestTask.lambda$executeRecursively$8(NodeTestTask.java:141) ~[junit-platform-engine-1.10.2.jar:1.10.2]
	at org.junit.platform.engine.support.hierarchical.Node.around(Node.java:137) ~[junit-platform-engine-1.10.2.jar:1.10.2]
	at org.junit.platform.engine.support.hierarchical.NodeTestTask.lambda$executeRecursively$9(NodeTestTask.java:139) ~[junit-platform-engine-1.10.2.jar:1.10.2]
	at org.junit.platform.engine.support.hierarchical.ThrowableCollector.execute(ThrowableCollector.java:73) ~[junit-platform-engine-1.10.2.jar:1.10.2]
	at org.junit.platform.engine.support.hierarchical.NodeTestTask.executeRecursively(NodeTestTask.java:138) ~[junit-platform-engine-1.10.2.jar:1.10.2]
	at org.junit.platform.engine.support.hierarchical.NodeTestTask.execute(NodeTestTask.java:95) ~[junit-platform-engine-1.10.2.jar:1.10.2]
	at org.junit.platform.engine.support.hierarchical.SameThreadHierarchicalTestExecutorService.submit(SameThreadHierarchicalTestExecutorService.java:35) ~[junit-platform-engine-1.10.2.jar:1.10.2]
	at org.junit.platform.engine.support.hierarchical.HierarchicalTestExecutor.execute(HierarchicalTestExecutor.java:57) ~[junit-platform-engine-1.10.2.jar:1.10.2]
	at org.junit.platform.engine.support.hierarchical.HierarchicalTestEngine.execute(HierarchicalTestEngine.java:54) ~[junit-platform-engine-1.10.2.jar:1.10.2]
	at org.junit.platform.launcher.core.EngineExecutionOrchestrator.execute(EngineExecutionOrchestrator.java:198) ~[junit-platform-launcher-1.10.2.jar:1.10.2]
	at org.junit.platform.launcher.core.EngineExecutionOrchestrator.execute(EngineExecutionOrchestrator.java:169) ~[junit-platform-launcher-1.10.2.jar:1.10.2]
	at org.junit.platform.launcher.core.EngineExecutionOrchestrator.execute(EngineExecutionOrchestrator.java:93) ~[junit-platform-launcher-1.10.2.jar:1.10.2]
	at org.junit.platform.launcher.core.EngineExecutionOrchestrator.lambda$execute$0(EngineExecutionOrchestrator.java:58) ~[junit-platform-launcher-1.10.2.jar:1.10.2]
	at org.junit.platform.launcher.core.EngineExecutionOrchestrator.withInterceptedStreams(EngineExecutionOrchestrator.java:141) ~[junit-platform-launcher-1.10.2.jar:1.10.2]
	at org.junit.platform.launcher.core.EngineExecutionOrchestrator.execute(EngineExecutionOrchestrator.java:57) ~[junit-platform-launcher-1.10.2.jar:1.10.2]
	at org.junit.platform.launcher.core.DefaultLauncher.execute(DefaultLauncher.java:103) ~[junit-platform-launcher-1.10.2.jar:1.10.2]
	at org.junit.platform.launcher.core.DefaultLauncher.execute(DefaultLauncher.java:85) ~[junit-platform-launcher-1.10.2.jar:1.10.2]
	at org.junit.platform.launcher.core.DelegatingLauncher.execute(DelegatingLauncher.java:47) ~[junit-platform-launcher-1.10.2.jar:1.10.2]
	at org.apache.maven.surefire.junitplatform.LazyLauncher.execute(LazyLauncher.java:56) ~[surefire-junit-platform-3.2.5.jar:3.2.5]
	at org.apache.maven.surefire.junitplatform.JUnitPlatformProvider.execute(JUnitPlatformProvider.java:184) ~[surefire-junit-platform-3.2.5.jar:3.2.5]
	at org.apache.maven.surefire.junitplatform.JUnitPlatformProvider.invokeAllTests(JUnitPlatformProvider.java:148) ~[surefire-junit-platform-3.2.5.jar:3.2.5]
	at org.apache.maven.surefire.junitplatform.JUnitPlatformProvider.invoke(JUnitPlatformProvider.java:122) ~[surefire-junit-platform-3.2.5.jar:3.2.5]
	at org.apache.maven.surefire.booter.ForkedBooter.runSuitesInProcess(ForkedBooter.java:385) ~[surefire-booter-3.2.5.jar:3.2.5]
	at org.apache.maven.surefire.booter.ForkedBooter.execute(ForkedBooter.java:162) ~[surefire-booter-3.2.5.jar:3.2.5]
	at org.apache.maven.surefire.booter.ForkedBooter.run(ForkedBooter.java:507) ~[surefire-booter-3.2.5.jar:3.2.5]
	at org.apache.maven.surefire.booter.ForkedBooter.main(ForkedBooter.java:495) ~[surefire-booter-3.2.5.jar:3.2.5]

Hibernate: 
    insert 
    into
        email_history
        (campaign_id, error_message, recipient_email, recruiter_id, sent_timestamp, status, subject_used, user_id, id) 
    values
        (?, ?, ?, ?, ?, ?, ?, ?, default)
Hibernate: 
    select
        eh1_0.id,
        eh1_0.campaign_id,
        eh1_0.error_message,
        eh1_0.recipient_email,
        eh1_0.recruiter_id,
        eh1_0.sent_timestamp,
        eh1_0.status,
        eh1_0.subject_used,
        eh1_0.user_id 
    from
        email_history eh1_0
]]></system-out>
  </testcase>
</testsuite>