<?xml version="1.0" encoding="UTF-8"?>
<testsuite xmlns:xsi="http://www.w3.org/2001/XMLSchema-instance" xsi:noNamespaceSchemaLocation="https://maven.apache.org/surefire/maven-surefire-plugin/xsd/surefire-test-report-3.0.xsd" version="3.0" name="com.referral.outreach.controller.EmailHistoryControllerIntegrationTest" time="2.288" tests="4" errors="0" skipped="0" failures="0">
  <properties>
[...]
</properties>
  <testcase name="testGetHistory_FilterByCompany" classname="com.referral.outreach.controller.EmailHistoryControllerIntegrationTest" time="0.131">
    <system-out><![CDATA[2026-08-17T15:14:32.664+05:30  INFO 28352 --- [referral-outreach-manager] [           main] t.c.s.AnnotationConfigContextLoaderUtils : Could not detect default configuration classes for test class [com.referral.outreach.controller.EmailHistoryControllerIntegrationTest]: EmailHistoryControllerIntegrationTest does not declare any static, non-private, non-final, nested classes annotated with @Configuration.
2026-08-17T15:14:32.670+05:30  INFO 28352 --- [referral-outreach-manager] [           main] .b.t.c.SpringBootTestContextBootstrapper : Found @SpringBootConfiguration com.referral.outreach.OutreachApplication for test class com.referral.outreach.controller.EmailHistoryControllerIntegrationTest

  .   ____          _            __ _ _
 /\\ / ___'_ __ _ _(_)_ __  __ _ \ \ \ \
( ( )\___ | '_ | '_| | '_ \/ _` | \ \ \ \
 \\/  ___)| |_)| | | | | || (_| |  ) ) ) )
  '  |____| .__|_| |_|_| |_\__, | / / / /
 =========|_|==============|___/=/_/_/_/

 :: Spring Boot ::                (v3.3.1)

2026-08-17T15:14:32.736+05:30  INFO 28352 --- [referral-outreach-manager] [           main] .c.EmailHistoryControllerIntegrationTest : Starting EmailHistoryControllerIntegrationTest using Java 17.0.12 with PID 28352 (started by ashri in C:\Users\ashri\SpringNew\Automatic mail sender to recruters\Backend)
2026-08-17T15:14:32.737+05:30  INFO 28352 --- [referral-outreach-manager] [           main] .c.EmailHistoryControllerIntegrationTest : The following 1 profile is active: "test"
2026-08-17T15:14:33.220+05:30  INFO 28352 --- [referral-outreach-manager] [           main] .s.d.r.c.RepositoryConfigurationDelegate : Bootstrapping Spring Data JPA repositories in DEFAULT mode.
2026-08-17T15:14:33.294+05:30  INFO 28352 --- [referral-outreach-manager] [           main] .s.d.r.c.RepositoryConfigurationDelegate : Finished Spring Data repository scanning in 74 ms. Found 8 JPA repository interfaces.
2026-08-17T15:14:33.533+05:30  INFO 28352 --- [referral-outreach-manager] [           main] o.hibernate.jpa.internal.util.LogHelper  : HHH000204: Processing PersistenceUnitInfo [name: default]
2026-08-17T15:14:33.541+05:30  INFO 28352 --- [referral-outreach-manager] [           main] o.h.c.internal.RegionFactoryInitiator    : HHH000026: Second-level cache disabled
2026-08-17T15:14:33.570+05:30  INFO 28352 --- [referral-outreach-manager] [           main] o.s.o.j.p.SpringPersistenceUnitInfo      : No LoadTimeWeaver setup: ignoring JPA class transformer
2026-08-17T15:14:33.573+05:30  INFO 28352 --- [referral-outreach-manager] [           main] com.zaxxer.hikari.HikariDataSource       : HikariPool-2 - Starting...
2026-08-17T15:14:33.575+05:30  INFO 28352 --- [referral-outreach-manager] [           main] com.zaxxer.hikari.pool.HikariPool        : HikariPool-2 - Added connection conn10: url=jdbc:h2:mem:testdb user=SA
2026-08-17T15:14:33.576+05:30  INFO 28352 --- [referral-outreach-manager] [           main] com.zaxxer.hikari.HikariDataSource       : HikariPool-2 - Start completed.
2026-08-17T15:14:33.576+05:30  WARN 28352 --- [referral-outreach-manager] [           main] org.hibernate.orm.deprecation            : HHH90000025: H2Dialect does not need to be specified explicitly using 'hibernate.dialect' (remove the property setting and it will be selected by default)
2026-08-17T15:14:33.854+05:30  INFO 28352 --- [referral-outreach-manager] [           main] o.h.e.t.j.p.i.JtaPlatformInitiator       : HHH000489: No JTA platform available (set 'hibernate.transaction.jta.platform' to enable JTA platform integration)
Hibernate: drop table if exists campaign cascade 
Hibernate: drop table if exists candidate_profile cascade 
Hibernate: drop table if exists email_history cascade 
Hibernate: drop table if exists email_template cascade 
Hibernate: drop table if exists password_reset_tokens cascade 
Hibernate: drop table if exists recruiter cascade 
Hibernate: drop table if exists resume cascade 
Hibernate: drop table if exists users cascade 
Hibernate: create table campaign (is_enabled boolean not null, target_set integer, created_timestamp timestamp(6) not null, id bigint generated by default as identity, resume_id bigint not null, template_id bigint not null, user_id bigint, name varchar(255) not null, target_title_group varchar(255), primary key (id))
Hibernate: create table candidate_profile (id bigint generated by default as identity, user_id bigint unique, custom_fields_json TEXT, email varchar(255), full_name varchar(255), github_url varchar(255), linkedin_url varchar(255), location varchar(255), phone_number varchar(255), role_name varchar(255), primary key (id))
Hibernate: create table email_history (campaign_id bigint, id bigint generated by default as identity, recruiter_id bigint not null, sent_timestamp timestamp(6) not null, user_id bigint, error_message TEXT, recipient_email varchar(255) not null, subject_used varchar(255) not null, status enum ('FAILED','SUCCESS') not null, primary key (id))
Hibernate: create table email_template (created_timestamp timestamp(6) not null, id bigint generated by default as identity, updated_timestamp timestamp(6) not null, user_id bigint, body TEXT not null, subject varchar(255) not null, template_name varchar(255) not null, primary key (id), unique (template_name, user_id))
Hibernate: create table password_reset_tokens (expiry_date timestamp(6) not null, id bigint generated by default as identity, user_id bigint not null unique, token varchar(255) not null unique, primary key (id))
Hibernate: create table recruiter (contact_set integer, id bigint generated by default as identity, last_contacted_date timestamp(6), company varchar(255) not null, email varchar(255) not null unique, name varchar(255) not null, title varchar(255), status enum ('ACTIVE','INACTIVE') not null, primary key (id))
Hibernate: create table resume (is_active boolean not null, file_size bigint not null, id bigint generated by default as identity, uploaded_timestamp timestamp(6) not null, user_id bigint, content_type varchar(255) not null, file_path varchar(255) not null, filename varchar(255) not null, original_filename varchar(255) not null, primary key (id))
Hibernate: create table users (id bigint generated by default as identity, email varchar(255) not null unique, password varchar(255) not null, username varchar(255) not null unique, primary key (id))
Hibernate: alter table if exists campaign add constraint FKi2kblot3gj9ts1wp0al4pn1ca foreign key (template_id) references email_template
Hibernate: alter table if exists campaign add constraint FK1mncldnoh9spvxypd1fjfqi42 foreign key (resume_id) references resume
Hibernate: alter table if exists campaign add constraint FKf4g8y9pqtlnenst5rhewbd7jm foreign key (user_id) references users
Hibernate: alter table if exists candidate_profile add constraint FKdnxpt1u3e0cf9s72bklyrnlkd foreign key (user_id) references users
Hibernate: alter table if exists email_history add constraint FKslt4ovgdgwvsdwnmjjode9qou foreign key (campaign_id) references campaign
Hibernate: alter table if exists email_history add constraint FK8mcus6r4ymcihw4yry43wx5qo foreign key (recruiter_id) references recruiter
Hibernate: alter table if exists email_history add constraint FKokrrh26v7faaux2a2mk7qbsec foreign key (user_id) references users
Hibernate: alter table if exists email_template add constraint FKoul1sgbkanim0ye7tg4xlaauv foreign key (user_id) references users
Hibernate: alter table if exists password_reset_tokens add constraint FKk3ndxg5xp6v7wd4gjyusp15gq foreign key (user_id) references users
Hibernate: alter table if exists resume add constraint FKpv0whudowxosfu792veo6s2c0 foreign key (user_id) references users
2026-08-17T15:14:33.961+05:30  INFO 28352 --- [referral-outreach-manager] [           main] j.LocalContainerEntityManagerFactoryBean : Initialized JPA EntityManagerFactory for persistence unit 'default'
2026-08-17T15:14:34.040+05:30  INFO 28352 --- [referral-outreach-manager] [           main] r$InitializeUserDetailsManagerConfigurer : Global AuthenticationManager configured with UserDetailsService bean with name customUserDetailsService
2026-08-17T15:14:34.319+05:30  WARN 28352 --- [referral-outreach-manager] [           main] JpaBaseConfiguration$JpaWebConfiguration : spring.jpa.open-in-view is enabled by default. Therefore, database queries may be performed during view rendering. Explicitly configure spring.jpa.open-in-view to disable this warning
2026-08-17T15:14:34.648+05:30  INFO 28352 --- [referral-outreach-manager] [           main] o.s.b.t.m.w.SpringBootMockServletContext : Initializing Spring TestDispatcherServlet ''
2026-08-17T15:14:34.648+05:30  INFO 28352 --- [referral-outreach-manager] [           main] o.s.t.web.servlet.TestDispatcherServlet  : Initializing Servlet ''
2026-08-17T15:14:34.650+05:30  INFO 28352 --- [referral-outreach-manager] [           main] o.s.t.web.servlet.TestDispatcherServlet  : Completed initialization in 1 ms
2026-08-17T15:14:34.666+05:30  INFO 28352 --- [referral-outreach-manager] [           main] .c.EmailHistoryControllerIntegrationTest : Started EmailHistoryControllerIntegrationTest in 1.99 seconds (process running for 23.575)
Hibernate: select eh1_0.id,eh1_0.campaign_id,eh1_0.error_message,eh1_0.recipient_email,eh1_0.recruiter_id,eh1_0.sent_timestamp,eh1_0.status,eh1_0.subject_used,eh1_0.user_id from email_history eh1_0
Hibernate: select c1_0.id,c1_0.created_timestamp,c1_0.template_id,c1_0.is_enabled,c1_0.name,c1_0.resume_id,c1_0.target_set,c1_0.target_title_group,c1_0.user_id from campaign c1_0
Hibernate: select r1_0.id,r1_0.company,r1_0.contact_set,r1_0.email,r1_0.last_contacted_date,r1_0.name,r1_0.status,r1_0.title from recruiter r1_0
Hibernate: select et1_0.id,et1_0.body,et1_0.created_timestamp,et1_0.subject,et1_0.template_name,et1_0.updated_timestamp,et1_0.user_id from email_template et1_0
Hibernate: select r1_0.id,r1_0.content_type,r1_0.file_path,r1_0.file_size,r1_0.filename,r1_0.is_active,r1_0.original_filename,r1_0.uploaded_timestamp,r1_0.user_id from resume r1_0
Hibernate: select u1_0.id,u1_0.email,u1_0.password,u1_0.username from users u1_0
Hibernate: insert into users (email,password,username,id) values (?,?,?,default)
Hibernate: insert into recruiter (company,contact_set,email,last_contacted_date,name,status,title,id) values (?,?,?,?,?,?,?,default)
Hibernate: insert into recruiter (company,contact_set,email,last_contacted_date,name,status,title,id) values (?,?,?,?,?,?,?,default)
Hibernate: insert into email_template (body,created_timestamp,subject,template_name,updated_timestamp,user_id,id) values (?,?,?,?,?,?,default)
Hibernate: insert into resume (content_type,file_path,file_size,filename,is_active,original_filename,uploaded_timestamp,user_id,id) values (?,?,?,?,?,?,?,?,default)
Hibernate: insert into campaign (created_timestamp,template_id,is_enabled,name,resume_id,target_set,target_title_group,user_id,id) values (?,?,?,?,?,?,?,?,default)
Hibernate: insert into email_history (campaign_id,error_message,recipient_email,recruiter_id,sent_timestamp,status,subject_used,user_id,id) values (?,?,?,?,?,?,?,?,default)
Hibernate: insert into email_history (campaign_id,error_message,recipient_email,recruiter_id,sent_timestamp,status,subject_used,user_id,id) values (?,?,?,?,?,?,?,?,default)
2026-08-17T15:14:34.728+05:30  INFO 28352 --- [referral-outreach-manager] [           main] c.r.o.controller.EmailHistoryController  : REST request to get filtered email history
2026-08-17T15:14:34.729+05:30  INFO 28352 --- [referral-outreach-manager] [           main] c.r.o.s.impl.EmailHistoryServiceImpl     : Fetching filtered email history: recruiterId=null, company=Netflix, status=null, startDate=null, endDate=null for user: testuser
Hibernate: select eh1_0.id,eh1_0.campaign_id,eh1_0.error_message,eh1_0.recipient_email,eh1_0.recruiter_id,eh1_0.sent_timestamp,eh1_0.status,eh1_0.subject_used,eh1_0.user_id from email_history eh1_0 join recruiter r1_0 on r1_0.id=eh1_0.recruiter_id where eh1_0.user_id=? and lower(r1_0.company) like ? escape '' order by eh1_0.sent_timestamp desc
]]></system-out>
  </testcase>
  <testcase name="testGetAllHistory_NoFilters" classname="com.referral.outreach.controller.EmailHistoryControllerIntegrationTest" time="0.042">
    <system-out><![CDATA[Hibernate: select eh1_0.id,eh1_0.campaign_id,eh1_0.error_message,eh1_0.recipient_email,eh1_0.recruiter_id,eh1_0.sent_timestamp,eh1_0.status,eh1_0.subject_used,eh1_0.user_id from email_history eh1_0
Hibernate: select c1_0.id,c1_0.created_timestamp,c1_0.template_id,c1_0.is_enabled,c1_0.name,c1_0.resume_id,c1_0.target_set,c1_0.target_title_group,c1_0.user_id from campaign c1_0
Hibernate: select r1_0.id,r1_0.company,r1_0.contact_set,r1_0.email,r1_0.last_contacted_date,r1_0.name,r1_0.status,r1_0.title from recruiter r1_0
Hibernate: select et1_0.id,et1_0.body,et1_0.created_timestamp,et1_0.subject,et1_0.template_name,et1_0.updated_timestamp,et1_0.user_id from email_template et1_0
Hibernate: select r1_0.id,r1_0.content_type,r1_0.file_path,r1_0.file_size,r1_0.filename,r1_0.is_active,r1_0.original_filename,r1_0.uploaded_timestamp,r1_0.user_id from resume r1_0
Hibernate: select u1_0.id,u1_0.email,u1_0.password,u1_0.username from users u1_0
Hibernate: insert into users (email,password,username,id) values (?,?,?,default)
Hibernate: insert into recruiter (company,contact_set,email,last_contacted_date,name,status,title,id) values (?,?,?,?,?,?,?,default)
Hibernate: insert into recruiter (company,contact_set,email,last_contacted_date,name,status,title,id) values (?,?,?,?,?,?,?,default)
Hibernate: insert into email_template (body,created_timestamp,subject,template_name,updated_timestamp,user_id,id) values (?,?,?,?,?,?,default)
Hibernate: insert into resume (content_type,file_path,file_size,filename,is_active,original_filename,uploaded_timestamp,user_id,id) values (?,?,?,?,?,?,?,?,default)
Hibernate: insert into campaign (created_timestamp,template_id,is_enabled,name,resume_id,target_set,target_title_group,user_id,id) values (?,?,?,?,?,?,?,?,default)
Hibernate: insert into email_history (campaign_id,error_message,recipient_email,recruiter_id,sent_timestamp,status,subject_used,user_id,id) values (?,?,?,?,?,?,?,?,default)
Hibernate: insert into email_history (campaign_id,error_message,recipient_email,recruiter_id,sent_timestamp,status,subject_used,user_id,id) values (?,?,?,?,?,?,?,?,default)
2026-08-17T15:14:34.839+05:30  INFO 28352 --- [referral-outreach-manager] [           main] c.r.o.controller.EmailHistoryController  : REST request to get filtered email history
2026-08-17T15:14:34.839+05:30  INFO 28352 --- [referral-outreach-manager] [           main] c.r.o.s.impl.EmailHistoryServiceImpl     : Fetching filtered email history: recruiterId=null, company=null, status=null, startDate=null, endDate=null for user: testuser
Hibernate: select eh1_0.id,eh1_0.campaign_id,eh1_0.error_message,eh1_0.recipient_email,eh1_0.recruiter_id,eh1_0.sent_timestamp,eh1_0.status,eh1_0.subject_used,eh1_0.user_id from email_history eh1_0 where eh1_0.user_id=? order by eh1_0.sent_timestamp desc
]]></system-out>
  </testcase>
  <testcase name="testGetHistory_FilterByDateRange" classname="com.referral.outreach.controller.EmailHistoryControllerIntegrationTest" time="0.053">
    <system-out><![CDATA[Hibernate: select eh1_0.id,eh1_0.campaign_id,eh1_0.error_message,eh1_0.recipient_email,eh1_0.recruiter_id,eh1_0.sent_timestamp,eh1_0.status,eh1_0.subject_used,eh1_0.user_id from email_history eh1_0
Hibernate: select c1_0.id,c1_0.created_timestamp,c1_0.template_id,c1_0.is_enabled,c1_0.name,c1_0.resume_id,c1_0.target_set,c1_0.target_title_group,c1_0.user_id from campaign c1_0
Hibernate: select r1_0.id,r1_0.company,r1_0.contact_set,r1_0.email,r1_0.last_contacted_date,r1_0.name,r1_0.status,r1_0.title from recruiter r1_0
Hibernate: select et1_0.id,et1_0.body,et1_0.created_timestamp,et1_0.subject,et1_0.template_name,et1_0.updated_timestamp,et1_0.user_id from email_template et1_0
Hibernate: select r1_0.id,r1_0.content_type,r1_0.file_path,r1_0.file_size,r1_0.filename,r1_0.is_active,r1_0.original_filename,r1_0.uploaded_timestamp,r1_0.user_id from resume r1_0
Hibernate: select u1_0.id,u1_0.email,u1_0.password,u1_0.username from users u1_0
Hibernate: insert into users (email,password,username,id) values (?,?,?,default)
Hibernate: insert into recruiter (company,contact_set,email,last_contacted_date,name,status,title,id) values (?,?,?,?,?,?,?,default)
Hibernate: insert into recruiter (company,contact_set,email,last_contacted_date,name,status,title,id) values (?,?,?,?,?,?,?,default)
Hibernate: insert into email_template (body,created_timestamp,subject,template_name,updated_timestamp,user_id,id) values (?,?,?,?,?,?,default)
Hibernate: insert into resume (content_type,file_path,file_size,filename,is_active,original_filename,uploaded_timestamp,user_id,id) values (?,?,?,?,?,?,?,?,default)
Hibernate: insert into campaign (created_timestamp,template_id,is_enabled,name,resume_id,target_set,target_title_group,user_id,id) values (?,?,?,?,?,?,?,?,default)
Hibernate: insert into email_history (campaign_id,error_message,recipient_email,recruiter_id,sent_timestamp,status,subject_used,user_id,id) values (?,?,?,?,?,?,?,?,default)
Hibernate: insert into email_history (campaign_id,error_message,recipient_email,recruiter_id,sent_timestamp,status,subject_used,user_id,id) values (?,?,?,?,?,?,?,?,default)
2026-08-17T15:14:34.888+05:30  INFO 28352 --- [referral-outreach-manager] [           main] c.r.o.controller.EmailHistoryController  : REST request to get filtered email history
2026-08-17T15:14:34.889+05:30  INFO 28352 --- [referral-outreach-manager] [           main] c.r.o.s.impl.EmailHistoryServiceImpl     : Fetching filtered email history: recruiterId=null, company=null, status=null, startDate=2026-08-14T15:14:34.876937900, endDate=2026-08-18T15:14:34.876937900 for user: testuser
Hibernate: select eh1_0.id,eh1_0.campaign_id,eh1_0.error_message,eh1_0.recipient_email,eh1_0.recruiter_id,eh1_0.sent_timestamp,eh1_0.status,eh1_0.subject_used,eh1_0.user_id from email_history eh1_0 where eh1_0.user_id=? and eh1_0.sent_timestamp>=? and eh1_0.sent_timestamp<=? order by eh1_0.sent_timestamp desc
]]></system-out>
  </testcase>
  <testcase name="testGetHistory_FilterByStatus" classname="com.referral.outreach.controller.EmailHistoryControllerIntegrationTest" time="0.043">
    <system-out><![CDATA[Hibernate: select eh1_0.id,eh1_0.campaign_id,eh1_0.error_message,eh1_0.recipient_email,eh1_0.recruiter_id,eh1_0.sent_timestamp,eh1_0.status,eh1_0.subject_used,eh1_0.user_id from email_history eh1_0
Hibernate: select c1_0.id,c1_0.created_timestamp,c1_0.template_id,c1_0.is_enabled,c1_0.name,c1_0.resume_id,c1_0.target_set,c1_0.target_title_group,c1_0.user_id from campaign c1_0
Hibernate: select r1_0.id,r1_0.company,r1_0.contact_set,r1_0.email,r1_0.last_contacted_date,r1_0.name,r1_0.status,r1_0.title from recruiter r1_0
Hibernate: select et1_0.id,et1_0.body,et1_0.created_timestamp,et1_0.subject,et1_0.template_name,et1_0.updated_timestamp,et1_0.user_id from email_template et1_0
Hibernate: select r1_0.id,r1_0.content_type,r1_0.file_path,r1_0.file_size,r1_0.filename,r1_0.is_active,r1_0.original_filename,r1_0.uploaded_timestamp,r1_0.user_id from resume r1_0
Hibernate: select u1_0.id,u1_0.email,u1_0.password,u1_0.username from users u1_0
Hibernate: insert into users (email,password,username,id) values (?,?,?,default)
Hibernate: insert into recruiter (company,contact_set,email,last_contacted_date,name,status,title,id) values (?,?,?,?,?,?,?,default)
Hibernate: insert into recruiter (company,contact_set,email,last_contacted_date,name,status,title,id) values (?,?,?,?,?,?,?,default)
Hibernate: insert into email_template (body,created_timestamp,subject,template_name,updated_timestamp,user_id,id) values (?,?,?,?,?,?,default)
Hibernate: insert into resume (content_type,file_path,file_size,filename,is_active,original_filename,uploaded_timestamp,user_id,id) values (?,?,?,?,?,?,?,?,default)
Hibernate: insert into campaign (created_timestamp,template_id,is_enabled,name,resume_id,target_set,target_title_group,user_id,id) values (?,?,?,?,?,?,?,?,default)
Hibernate: insert into email_history (campaign_id,error_message,recipient_email,recruiter_id,sent_timestamp,status,subject_used,user_id,id) values (?,?,?,?,?,?,?,?,default)
Hibernate: insert into email_history (campaign_id,error_message,recipient_email,recruiter_id,sent_timestamp,status,subject_used,user_id,id) values (?,?,?,?,?,?,?,?,default)
2026-08-17T15:14:34.936+05:30  INFO 28352 --- [referral-outreach-manager] [           main] c.r.o.controller.EmailHistoryController  : REST request to get filtered email history
2026-08-17T15:14:34.937+05:30  INFO 28352 --- [referral-outreach-manager] [           main] c.r.o.s.impl.EmailHistoryServiceImpl     : Fetching filtered email history: recruiterId=null, company=null, status=FAILED, startDate=null, endDate=null for user: testuser
Hibernate: select eh1_0.id,eh1_0.campaign_id,eh1_0.error_message,eh1_0.recipient_email,eh1_0.recruiter_id,eh1_0.sent_timestamp,eh1_0.status,eh1_0.subject_used,eh1_0.user_id from email_history eh1_0 where eh1_0.user_id=? and eh1_0.status=? order by eh1_0.sent_timestamp desc
]]></system-out>
  </testcase>
</testsuite>