<?xml version="1.0" encoding="UTF-8"?>
<testsuite xmlns:xsi="http://www.w3.org/2001/XMLSchema-instance" xsi:noNamespaceSchemaLocation="https://maven.apache.org/surefire/maven-surefire-plugin/xsd/surefire-test-report-3.0.xsd" version="3.0" name="com.referral.outreach.scheduler.WeeklyOutreachSchedulerTest" time="5.144" tests="1" errors="0" skipped="0" failures="0">
  <properties>
[...]
</properties>
  <testcase name="testExecuteWeeklyOutreach_FiltersRecruitersAndContinuesOnFailure" classname="com.referral.outreach.scheduler.WeeklyOutreachSchedulerTest" time="4.091">
    <system-out><![CDATA[2026-08-18T15:04:07.556+05:30  INFO 26608 --- [referral-outreach-manager] [           main] t.c.s.AnnotationConfigContextLoaderUtils : Could not detect default configuration classes for test class [com.referral.outreach.scheduler.WeeklyOutreachSchedulerTest]: WeeklyOutreachSchedulerTest does not declare any static, non-private, non-final, nested classes annotated with @Configuration.
2026-08-18T15:04:07.572+05:30  INFO 26608 --- [referral-outreach-manager] [           main] .b.t.c.SpringBootTestContextBootstrapper : Found @SpringBootConfiguration com.referral.outreach.OutreachApplication for test class com.referral.outreach.scheduler.WeeklyOutreachSchedulerTest

  .   ____          _            __ _ _
 /\\ / ___'_ __ _ _(_)_ __  __ _ \ \ \ \
( ( )\___ | '_ | '_| | '_ \/ _` | \ \ \ \
 \\/  ___)| |_)| | | | | || (_| |  ) ) ) )
  '  |____| .__|_| |_|_| |_\__, | / / / /
 =========|_|==============|___/=/_/_/_/

 :: Spring Boot ::                (v3.3.1)

2026-08-18T15:04:07.611+05:30  INFO 26608 --- [referral-outreach-manager] [           main] c.r.o.s.WeeklyOutreachSchedulerTest      : Starting WeeklyOutreachSchedulerTest using Java 17.0.12 with PID 26608 (started by ashri in C:\Users\ashri\SpringNew\Automatic mail sender to recruters\Backend)
2026-08-18T15:04:07.612+05:30  INFO 26608 --- [referral-outreach-manager] [           main] c.r.o.s.WeeklyOutreachSchedulerTest      : The following 1 profile is active: "test"
2026-08-18T15:04:07.874+05:30  INFO 26608 --- [referral-outreach-manager] [           main] .s.d.r.c.RepositoryConfigurationDelegate : Bootstrapping Spring Data JPA repositories in DEFAULT mode.
2026-08-18T15:04:07.907+05:30  INFO 26608 --- [referral-outreach-manager] [           main] .s.d.r.c.RepositoryConfigurationDelegate : Finished Spring Data repository scanning in 33 ms. Found 8 JPA repository interfaces.
2026-08-18T15:04:08.090+05:30  INFO 26608 --- [referral-outreach-manager] [           main] o.hibernate.jpa.internal.util.LogHelper  : HHH000204: Processing PersistenceUnitInfo [name: default]
2026-08-18T15:04:08.095+05:30  INFO 26608 --- [referral-outreach-manager] [           main] o.h.c.internal.RegionFactoryInitiator    : HHH000026: Second-level cache disabled
2026-08-18T15:04:08.108+05:30  INFO 26608 --- [referral-outreach-manager] [           main] o.s.o.j.p.SpringPersistenceUnitInfo      : No LoadTimeWeaver setup: ignoring JPA class transformer
2026-08-18T15:04:08.111+05:30  INFO 26608 --- [referral-outreach-manager] [           main] com.zaxxer.hikari.HikariDataSource       : HikariPool-3 - Starting...
2026-08-18T15:04:08.112+05:30  INFO 26608 --- [referral-outreach-manager] [           main] com.zaxxer.hikari.pool.HikariPool        : HikariPool-3 - Added connection conn20: url=jdbc:h2:mem:testdb user=SA
2026-08-18T15:04:08.112+05:30  INFO 26608 --- [referral-outreach-manager] [           main] com.zaxxer.hikari.HikariDataSource       : HikariPool-3 - Start completed.
2026-08-18T15:04:08.113+05:30  WARN 26608 --- [referral-outreach-manager] [           main] org.hibernate.orm.deprecation            : HHH90000025: H2Dialect does not need to be specified explicitly using 'hibernate.dialect' (remove the property setting and it will be selected by default)
2026-08-18T15:04:08.280+05:30  INFO 26608 --- [referral-outreach-manager] [           main] o.h.e.t.j.p.i.JtaPlatformInitiator       : HHH000489: No JTA platform available (set 'hibernate.transaction.jta.platform' to enable JTA platform integration)
Hibernate: 
    drop table if exists campaign cascade 
Hibernate: 
    drop table if exists candidate_profile cascade 
Hibernate: 
    drop table if exists email_history cascade 
Hibernate: 
    drop table if exists email_template cascade 
Hibernate: 
    drop table if exists password_reset_tokens cascade 
Hibernate: 
    drop table if exists recruiter cascade 
Hibernate: 
    drop table if exists resume cascade 
Hibernate: 
    drop table if exists users cascade 
Hibernate: 
    create table campaign (
        is_enabled boolean not null,
        target_set integer,
        created_timestamp timestamp(6) not null,
        id bigint generated by default as identity,
        resume_id bigint not null,
        template_id bigint not null,
        user_id bigint,
        name varchar(255) not null,
        target_title_group varchar(255),
        primary key (id)
    )
Hibernate: 
    create table candidate_profile (
        id bigint generated by default as identity,
        user_id bigint unique,
        custom_fields_json TEXT,
        email varchar(255),
        full_name varchar(255),
        github_url varchar(255),
        linkedin_url varchar(255),
        location varchar(255),
        phone_number varchar(255),
        role_name varchar(255),
        primary key (id)
    )
Hibernate: 
    create table email_history (
        campaign_id bigint,
        id bigint generated by default as identity,
        recruiter_id bigint not null,
        sent_timestamp timestamp(6) not null,
        user_id bigint,
        error_message TEXT,
        recipient_email varchar(255) not null,
        subject_used varchar(255) not null,
        status enum ('FAILED','SUCCESS') not null,
        primary key (id)
    )
Hibernate: 
    create table email_template (
        created_timestamp timestamp(6) not null,
        id bigint generated by default as identity,
        updated_timestamp timestamp(6) not null,
        user_id bigint,
        body TEXT not null,
        subject varchar(255) not null,
        template_name varchar(255) not null,
        primary key (id),
        unique (template_name, user_id)
    )
Hibernate: 
    create table password_reset_tokens (
        expiry_date timestamp(6) not null,
        id bigint generated by default as identity,
        user_id bigint not null unique,
        token varchar(255) not null unique,
        primary key (id)
    )
Hibernate: 
    create table recruiter (
        contact_set integer,
        id bigint generated by default as identity,
        last_contacted_date timestamp(6),
        company varchar(255) not null,
        email varchar(255) not null unique,
        name varchar(255) not null,
        title varchar(255),
        status enum ('ACTIVE','INACTIVE') not null,
        primary key (id)
    )
Hibernate: 
    create table resume (
        is_active boolean not null,
        file_size bigint not null,
        id bigint generated by default as identity,
        uploaded_timestamp timestamp(6) not null,
        user_id bigint,
        content_type varchar(255) not null,
        file_path varchar(255) not null,
        filename varchar(255) not null,
        original_filename varchar(255) not null,
        primary key (id)
    )
Hibernate: 
    create table users (
        id bigint generated by default as identity,
        email varchar(255) not null unique,
        password varchar(255) not null,
        username varchar(255) not null unique,
        primary key (id)
    )
Hibernate: 
    alter table if exists campaign 
       add constraint FKi2kblot3gj9ts1wp0al4pn1ca 
       foreign key (template_id) 
       references email_template
Hibernate: 
    alter table if exists campaign 
       add constraint FK1mncldnoh9spvxypd1fjfqi42 
       foreign key (resume_id) 
       references resume
Hibernate: 
    alter table if exists campaign 
       add constraint FKf4g8y9pqtlnenst5rhewbd7jm 
       foreign key (user_id) 
       references users
Hibernate: 
    alter table if exists candidate_profile 
       add constraint FKdnxpt1u3e0cf9s72bklyrnlkd 
       foreign key (user_id) 
       references users
Hibernate: 
    alter table if exists email_history 
       add constraint FKslt4ovgdgwvsdwnmjjode9qou 
       foreign key (campaign_id) 
       references campaign
Hibernate: 
    alter table if exists email_history 
       add constraint FK8mcus6r4ymcihw4yry43wx5qo 
       foreign key (recruiter_id) 
       references recruiter
Hibernate: 
    alter table if exists email_history 
       add constraint FKokrrh26v7faaux2a2mk7qbsec 
       foreign key (user_id) 
       references users
Hibernate: 
    alter table if exists email_template 
       add constraint FKoul1sgbkanim0ye7tg4xlaauv 
       foreign key (user_id) 
       references users
Hibernate: 
    alter table if exists password_reset_tokens 
       add constraint FKk3ndxg5xp6v7wd4gjyusp15gq 
       foreign key (user_id) 
       references users
Hibernate: 
    alter table if exists resume 
       add constraint FKpv0whudowxosfu792veo6s2c0 
       foreign key (user_id) 
       references users
2026-08-18T15:04:08.311+05:30  INFO 26608 --- [referral-outreach-manager] [           main] j.LocalContainerEntityManagerFactoryBean : Initialized JPA EntityManagerFactory for persistence unit 'default'
2026-08-18T15:04:08.358+05:30  INFO 26608 --- [referral-outreach-manager] [           main] r$InitializeUserDetailsManagerConfigurer : Global AuthenticationManager configured with UserDetailsService bean with name customUserDetailsService
2026-08-18T15:04:08.493+05:30  WARN 26608 --- [referral-outreach-manager] [           main] JpaBaseConfiguration$JpaWebConfiguration : spring.jpa.open-in-view is enabled by default. Therefore, database queries may be performed during view rendering. Explicitly configure spring.jpa.open-in-view to disable this warning
2026-08-18T15:04:08.602+05:30  INFO 26608 --- [referral-outreach-manager] [           main] c.r.o.s.WeeklyOutreachSchedulerTest      : Started WeeklyOutreachSchedulerTest in 1.025 seconds (process running for 21.761)
Hibernate: 
    select
        r1_0.id,
        r1_0.company,
        r1_0.contact_set,
        r1_0.email,
        r1_0.last_contacted_date,
        r1_0.name,
        r1_0.status,
        r1_0.title 
    from
        recruiter r1_0
Hibernate: 
    select
        c1_0.id,
        c1_0.created_timestamp,
        c1_0.template_id,
        c1_0.is_enabled,
        c1_0.name,
        c1_0.resume_id,
        c1_0.target_set,
        c1_0.target_title_group,
        c1_0.user_id 
    from
        campaign c1_0
Hibernate: 
    select
        et1_0.id,
        et1_0.body,
        et1_0.created_timestamp,
        et1_0.subject,
        et1_0.template_name,
        et1_0.updated_timestamp,
        et1_0.user_id 
    from
        email_template et1_0
Hibernate: 
    select
        r1_0.id,
        r1_0.content_type,
        r1_0.file_path,
        r1_0.file_size,
        r1_0.filename,
        r1_0.is_active,
        r1_0.original_filename,
        r1_0.uploaded_timestamp,
        r1_0.user_id 
    from
        resume r1_0
Hibernate: 
    insert 
    into
        recruiter
        (company, contact_set, email, last_contacted_date, name, status, title, id) 
    values
        (?, ?, ?, ?, ?, ?, ?, default)
Hibernate: 
    insert 
    into
        recruiter
        (company, contact_set, email, last_contacted_date, name, status, title, id) 
    values
        (?, ?, ?, ?, ?, ?, ?, default)
Hibernate: 
    insert 
    into
        recruiter
        (company, contact_set, email, last_contacted_date, name, status, title, id) 
    values
        (?, ?, ?, ?, ?, ?, ?, default)
Hibernate: 
    insert 
    into
        recruiter
        (company, contact_set, email, last_contacted_date, name, status, title, id) 
    values
        (?, ?, ?, ?, ?, ?, ?, default)
Hibernate: 
    insert 
    into
        email_template
        (body, created_timestamp, subject, template_name, updated_timestamp, user_id, id) 
    values
        (?, ?, ?, ?, ?, ?, default)
Hibernate: 
    insert 
    into
        resume
        (content_type, file_path, file_size, filename, is_active, original_filename, uploaded_timestamp, user_id, id) 
    values
        (?, ?, ?, ?, ?, ?, ?, ?, default)
Hibernate: 
    insert 
    into
        campaign
        (created_timestamp, template_id, is_enabled, name, resume_id, target_set, target_title_group, user_id, id) 
    values
        (?, ?, ?, ?, ?, ?, ?, ?, default)
2026-08-18T15:04:08.628+05:30  INFO 26608 --- [referral-outreach-manager] [           main] c.r.o.scheduler.WeeklyOutreachScheduler  : Weekly outreach scheduler started at 2026-08-18T15:04:08.628554500
Hibernate: 
    select
        c1_0.id,
        c1_0.created_timestamp,
        c1_0.template_id,
        c1_0.is_enabled,
        c1_0.name,
        c1_0.resume_id,
        c1_0.target_set,
        c1_0.target_title_group,
        c1_0.user_id 
    from
        campaign c1_0 
    where
        c1_0.is_enabled
Hibernate: 
    select
        r1_0.id,
        r1_0.company,
        r1_0.contact_set,
        r1_0.email,
        r1_0.last_contacted_date,
        r1_0.name,
        r1_0.status,
        r1_0.title 
    from
        recruiter r1_0 
    where
        r1_0.status=? 
        and (
            r1_0.last_contacted_date is null 
            or r1_0.last_contacted_date<?
        ) 
        and (
            ? is null 
            or r1_0.contact_set=?
        ) 
        and (
            ?=true 
            or (
                'HR' in (?) 
                and (
                    lower(r1_0.title) like '%hr%' escape '' 
                    or lower(r1_0.title) like '%human%' escape '' 
                    or lower(r1_0.title) like '%recruiter%' escape '' 
                    or lower(r1_0.title) like '%talent%' escape ''
                )
            ) 
            or (
                'LEAD' in (?) 
                and (
                    lower(r1_0.title) like '%head%' escape '' 
                    or lower(r1_0.title) like '%lead%' escape '' 
                    or lower(r1_0.title) like '%manager%' escape '' 
                    or lower(r1_0.title) like '%director%' escape '' 
                    or lower(r1_0.title) like '%vp%' escape '' 
                    or lower(r1_0.title) like '%president%' escape '' 
                    or lower(r1_0.title) like '%founder%' escape ''
                )
            ) 
            or (
                'BPO' in (?) 
                and lower(r1_0.title) like '%bpo%' escape ''
            ) 
            or (
                'SALES' in (?) 
                and (
                    lower(r1_0.title) like '%sales%' escape '' 
                    or lower(r1_0.title) like '%bdm%' escape '' 
                    or lower(r1_0.title) like '%mis%' escape '' 
                    or lower(r1_0.title) like '%marketing%' escape ''
                )
            ) 
            or (
                'TECHNICAL' in (?) 
                and (
                    lower(r1_0.title) like '%tech%' escape '' 
                    or lower(r1_0.title) like '%java%' escape '' 
                    or lower(r1_0.title) like '%developer%' escape '' 
                    or lower(r1_0.title) like '%sde%' escape '' 
                    or lower(r1_0.title) like '%engineer%' escape '' 
                    or lower(r1_0.title) like '%sdet%' escape ''
                )
            ) 
            or (
                'NON_IT' in (?) 
                and (
                    lower(r1_0.title) like '%non it%' escape '' 
                    or lower(r1_0.title) like '%non-it%' escape ''
                )
            )
        )
2026-08-18T15:04:08.647+05:30  INFO 26608 --- [referral-outreach-manager] [           main] c.r.o.scheduler.WeeklyOutreachScheduler  : Found 2 eligible active recruiters for campaign: 'Active Campaign' (ID: 1) belonging to user: System with cooldown limit: 2026-07-19T15:04:08.631560100
2026-08-18T15:04:08.648+05:30  WARN 26608 --- [referral-outreach-manager] [           main] c.r.o.scheduler.WeeklyOutreachScheduler  : Failed to process outreach for recruiter: Eligible 1 (eligible1@test.com)
2026-08-18T15:04:10.655+05:30  INFO 26608 --- [referral-outreach-manager] [           main] c.r.o.scheduler.WeeklyOutreachScheduler  : Successfully processed outreach for recruiter: Eligible 2 (eligible2@test.com)
2026-08-18T15:04:12.663+05:30  INFO 26608 --- [referral-outreach-manager] [           main] c.r.o.scheduler.WeeklyOutreachScheduler  : Weekly outreach campaign 'Active Campaign' (ID: 1) finished. Eligible: 2, Success: 1, Failures: 1
]]></system-out>
  </testcase>
</testsuite>