<?xml version="1.0" encoding="UTF-8"?>
<testsuite xmlns:xsi="http://www.w3.org/2001/XMLSchema-instance" xsi:noNamespaceSchemaLocation="https://maven.apache.org/surefire/maven-surefire-plugin/xsd/surefire-test-report-3.0.xsd" version="3.0" name="com.referral.outreach.controller.TemplateControllerIntegrationTest" time="0.138" tests="5" errors="0" skipped="0" failures="0">
  <properties>
[...]
</properties>
  <testcase name="testDeleteTemplate_Success" classname="com.referral.outreach.controller.TemplateControllerIntegrationTest" time="0.026">
    <system-out><![CDATA[2026-08-17T15:14:35.427+05:30  INFO 28352 --- [referral-outreach-manager] [           main] t.c.s.AnnotationConfigContextLoaderUtils : Could not detect default configuration classes for test class [com.referral.outreach.controller.TemplateControllerIntegrationTest]: TemplateControllerIntegrationTest does not declare any static, non-private, non-final, nested classes annotated with @Configuration.
2026-08-17T15:14:35.433+05:30  INFO 28352 --- [referral-outreach-manager] [           main] .b.t.c.SpringBootTestContextBootstrapper : Found @SpringBootConfiguration com.referral.outreach.OutreachApplication for test class com.referral.outreach.controller.TemplateControllerIntegrationTest
Hibernate: select et1_0.id,et1_0.body,et1_0.created_timestamp,et1_0.subject,et1_0.template_name,et1_0.updated_timestamp,et1_0.user_id from email_template et1_0
Hibernate: select u1_0.id,u1_0.email,u1_0.password,u1_0.username from users u1_0
Hibernate: insert into users (email,password,username,id) values (?,?,?,default)
Hibernate: insert into email_template (body,created_timestamp,subject,template_name,updated_timestamp,user_id,id) values (?,?,?,?,?,?,default)
2026-08-17T15:14:35.455+05:30  INFO 28352 --- [referral-outreach-manager] [           main] c.r.o.controller.TemplateController      : REST request to delete template ID: 5
2026-08-17T15:14:35.455+05:30  INFO 28352 --- [referral-outreach-manager] [           main] c.r.o.service.impl.TemplateServiceImpl   : Deleting template ID: 5 for user: testuser
2026-08-17T15:14:35.458+05:30  INFO 28352 --- [referral-outreach-manager] [           main] c.r.o.service.impl.TemplateServiceImpl   : Deleted template ID: 5 successfully
Hibernate: delete from email_template where id=?
Hibernate: select count(*) from email_template et1_0 where et1_0.id=?
]]></system-out>
  </testcase>
  <testcase name="testUpdateTemplate_Success" classname="com.referral.outreach.controller.TemplateControllerIntegrationTest" time="0.033">
    <system-out><![CDATA[Hibernate: select et1_0.id,et1_0.body,et1_0.created_timestamp,et1_0.subject,et1_0.template_name,et1_0.updated_timestamp,et1_0.user_id from email_template et1_0
Hibernate: select u1_0.id,u1_0.email,u1_0.password,u1_0.username from users u1_0
Hibernate: insert into users (email,password,username,id) values (?,?,?,default)
Hibernate: insert into email_template (body,created_timestamp,subject,template_name,updated_timestamp,user_id,id) values (?,?,?,?,?,?,default)
2026-08-17T15:14:35.486+05:30  INFO 28352 --- [referral-outreach-manager] [           main] c.r.o.controller.TemplateController      : REST request to update template ID: 6
2026-08-17T15:14:35.486+05:30  INFO 28352 --- [referral-outreach-manager] [           main] c.r.o.service.impl.TemplateServiceImpl   : Updating email template ID: 6 for user: testuser
Hibernate: select et1_0.id from email_template et1_0 where et1_0.user_id=? and et1_0.template_name=? and et1_0.id<>? fetch first ? rows only
2026-08-17T15:14:35.490+05:30  INFO 28352 --- [referral-outreach-manager] [           main] c.r.o.service.impl.TemplateServiceImpl   : Updated template ID: 6 successfully
]]></system-out>
  </testcase>
  <testcase name="testCreateTemplate_Success" classname="com.referral.outreach.controller.TemplateControllerIntegrationTest" time="0.019">
    <system-out><![CDATA[Hibernate: select et1_0.id,et1_0.body,et1_0.created_timestamp,et1_0.subject,et1_0.template_name,et1_0.updated_timestamp,et1_0.user_id from email_template et1_0
Hibernate: select u1_0.id,u1_0.email,u1_0.password,u1_0.username from users u1_0
Hibernate: insert into users (email,password,username,id) values (?,?,?,default)
2026-08-17T15:14:35.510+05:30  INFO 28352 --- [referral-outreach-manager] [           main] c.r.o.controller.TemplateController      : REST request to create template: Standard Referral
2026-08-17T15:14:35.511+05:30  INFO 28352 --- [referral-outreach-manager] [           main] c.r.o.service.impl.TemplateServiceImpl   : Creating email template with name: Standard Referral for user: testuser
Hibernate: select et1_0.id from email_template et1_0 where et1_0.user_id=? and et1_0.template_name=? fetch first ? rows only
Hibernate: insert into email_template (body,created_timestamp,subject,template_name,updated_timestamp,user_id,id) values (?,?,?,?,?,?,default)
2026-08-17T15:14:35.514+05:30  INFO 28352 --- [referral-outreach-manager] [           main] c.r.o.service.impl.TemplateServiceImpl   : Created template successfully with ID: 7
Hibernate: select et1_0.id from email_template et1_0 where et1_0.template_name=? fetch first ? rows only
]]></system-out>
  </testcase>
  <testcase name="testCreateTemplate_DuplicateName" classname="com.referral.outreach.controller.TemplateControllerIntegrationTest" time="0.02">
    <system-out><![CDATA[Hibernate: select et1_0.id,et1_0.body,et1_0.created_timestamp,et1_0.subject,et1_0.template_name,et1_0.updated_timestamp,et1_0.user_id from email_template et1_0
Hibernate: select u1_0.id,u1_0.email,u1_0.password,u1_0.username from users u1_0
Hibernate: insert into users (email,password,username,id) values (?,?,?,default)
Hibernate: insert into email_template (body,created_timestamp,subject,template_name,updated_timestamp,user_id,id) values (?,?,?,?,?,?,default)
2026-08-17T15:14:35.534+05:30  INFO 28352 --- [referral-outreach-manager] [           main] c.r.o.controller.TemplateController      : REST request to create template: Standard Referral
2026-08-17T15:14:35.534+05:30  INFO 28352 --- [referral-outreach-manager] [           main] c.r.o.service.impl.TemplateServiceImpl   : Creating email template with name: Standard Referral for user: testuser
Hibernate: select et1_0.id from email_template et1_0 where et1_0.user_id=? and et1_0.template_name=? fetch first ? rows only
2026-08-17T15:14:35.538+05:30 ERROR 28352 --- [referral-outreach-manager] [           main] c.r.o.exception.GlobalExceptionHandler   : Duplicate template record: Template with name Standard Referral already exists
]]></system-out>
  </testcase>
  <testcase name="testGetTemplateById_NotFound" classname="com.referral.outreach.controller.TemplateControllerIntegrationTest" time="0.018">
    <system-out><![CDATA[Hibernate: select et1_0.id,et1_0.body,et1_0.created_timestamp,et1_0.subject,et1_0.template_name,et1_0.updated_timestamp,et1_0.user_id from email_template et1_0
Hibernate: select u1_0.id,u1_0.email,u1_0.password,u1_0.username from users u1_0
Hibernate: insert into users (email,password,username,id) values (?,?,?,default)
2026-08-17T15:14:35.553+05:30  INFO 28352 --- [referral-outreach-manager] [           main] c.r.o.controller.TemplateController      : REST request to get template ID: 999
2026-08-17T15:14:35.554+05:30  INFO 28352 --- [referral-outreach-manager] [           main] c.r.o.service.impl.TemplateServiceImpl   : Fetching template ID: 999 for user: testuser
Hibernate: select et1_0.id,et1_0.body,et1_0.created_timestamp,et1_0.subject,et1_0.template_name,et1_0.updated_timestamp,et1_0.user_id from email_template et1_0 where et1_0.id=?
2026-08-17T15:14:35.557+05:30 ERROR 28352 --- [referral-outreach-manager] [           main] c.r.o.exception.GlobalExceptionHandler   : Resource not found: Template not found with ID: 999
]]></system-out>
  </testcase>
</testsuite>